<?xml version="1.0" encoding="UTF-8"?>
<coverage generated="1764185217">
  <project timestamp="1764185217">
    <file name="D:\Backend-appVM\ApiProyecto\app\Console\Commands\EpAutoCloseInterinos.php">
      <class name="App\Console\Commands\EpAutoCloseInterinos" namespace="global">
        <metrics complexity="4" methods="1" coveredmethods="1" conditionals="0" coveredconditionals="0" statements="29" coveredstatements="29" elements="30" coveredelements="30"/>
      </class>
      <line num="17" type="method" name="handle" visibility="public" complexity="4" crap="4" count="1"/>
      <line num="19" type="stmt" count="1"/>
      <line num="20" type="stmt" count="1"/>
      <line num="21" type="stmt" count="1"/>
      <line num="22" type="stmt" count="1"/>
      <line num="23" type="stmt" count="1"/>
      <line num="24" type="stmt" count="1"/>
      <line num="26" type="stmt" count="1"/>
      <line num="27" type="stmt" count="1"/>
      <line num="28" type="stmt" count="1"/>
      <line num="29" type="stmt" count="1"/>
      <line num="30" type="stmt" count="1"/>
      <line num="31" type="stmt" count="1"/>
      <line num="32" type="stmt" count="1"/>
      <line num="33" type="stmt" count="1"/>
      <line num="36" type="stmt" count="1"/>
      <line num="37" type="stmt" count="1"/>
      <line num="39" type="stmt" count="1"/>
      <line num="40" type="stmt" count="1"/>
      <line num="41" type="stmt" count="1"/>
      <line num="42" type="stmt" count="1"/>
      <line num="43" type="stmt" count="1"/>
      <line num="44" type="stmt" count="1"/>
      <line num="45" type="stmt" count="1"/>
      <line num="46" type="stmt" count="1"/>
      <line num="47" type="stmt" count="1"/>
      <line num="48" type="stmt" count="1"/>
      <line num="49" type="stmt" count="1"/>
      <line num="52" type="stmt" count="1"/>
      <line num="53" type="stmt" count="1"/>
      <metrics loc="56" ncloc="56" classes="1" methods="1" coveredmethods="1" conditionals="0" coveredconditionals="0" statements="29" coveredstatements="29" elements="30" coveredelements="30"/>
    </file>
    <file name="D:\Backend-appVM\ApiProyecto\app\Console\Commands\VmTickCommand.php">
      <class name="App\Console\Commands\VmTickCommand" namespace="global">
        <metrics complexity="8" methods="2" coveredmethods="0" conditionals="0" coveredconditionals="0" statements="77" coveredstatements="49" elements="79" coveredelements="49"/>
      </class>
      <line num="16" type="method" name="handle" visibility="public" complexity="5" crap="5.04" count="1"/>
      <line num="18" type="stmt" count="1"/>
      <line num="19" type="stmt" count="1"/>
      <line num="21" type="stmt" count="1"/>
      <line num="22" type="stmt" count="1"/>
      <line num="26" type="stmt" count="1"/>
      <line num="27" type="stmt" count="1"/>
      <line num="29" type="stmt" count="1"/>
      <line num="32" type="stmt" count="0"/>
      <line num="33" type="stmt" count="1"/>
      <line num="36" type="stmt" count="1"/>
      <line num="37" type="stmt" count="1"/>
      <line num="38" type="stmt" count="1"/>
      <line num="39" type="stmt" count="1"/>
      <line num="41" type="stmt" count="1"/>
      <line num="43" type="stmt" count="1"/>
      <line num="44" type="stmt" count="1"/>
      <line num="45" type="stmt" count="1"/>
      <line num="46" type="stmt" count="1"/>
      <line num="49" type="stmt" count="1"/>
      <line num="50" type="stmt" count="1"/>
      <line num="51" type="stmt" count="1"/>
      <line num="52" type="stmt" count="1"/>
      <line num="53" type="stmt" count="1"/>
      <line num="54" type="stmt" count="1"/>
      <line num="55" type="stmt" count="1"/>
      <line num="56" type="stmt" count="1"/>
      <line num="57" type="stmt" count="1"/>
      <line num="58" type="stmt" count="1"/>
      <line num="61" type="stmt" count="1"/>
      <line num="62" type="stmt" count="1"/>
      <line num="63" type="stmt" count="1"/>
      <line num="64" type="stmt" count="1"/>
      <line num="66" type="stmt" count="1"/>
      <line num="67" type="stmt" count="1"/>
      <line num="68" type="stmt" count="1"/>
      <line num="69" type="stmt" count="1"/>
      <line num="70" type="stmt" count="1"/>
      <line num="71" type="stmt" count="1"/>
      <line num="72" type="stmt" count="1"/>
      <line num="73" type="stmt" count="1"/>
      <line num="74" type="stmt" count="1"/>
      <line num="75" type="stmt" count="1"/>
      <line num="77" type="stmt" count="0"/>
      <line num="78" type="stmt" count="0"/>
      <line num="79" type="stmt" count="0"/>
      <line num="80" type="stmt" count="0"/>
      <line num="83" type="stmt" count="1"/>
      <line num="84" type="stmt" count="0"/>
      <line num="86" type="stmt" count="1"/>
      <line num="89" type="stmt" count="1"/>
      <line num="99" type="method" name="processTransition" visibility="private" complexity="3" crap="7.87" count="1"/>
      <line num="107" type="stmt" count="1"/>
      <line num="108" type="stmt" count="1"/>
      <line num="109" type="stmt" count="1"/>
      <line num="110" type="stmt" count="1"/>
      <line num="111" type="stmt" count="0"/>
      <line num="113" type="stmt" count="0"/>
      <line num="115" type="stmt" count="0"/>
      <line num="116" type="stmt" count="0"/>
      <line num="117" type="stmt" count="0"/>
      <line num="119" type="stmt" count="0"/>
      <line num="120" type="stmt" count="0"/>
      <line num="121" type="stmt" count="0"/>
      <line num="122" type="stmt" count="0"/>
      <line num="123" type="stmt" count="0"/>
      <line num="124" type="stmt" count="0"/>
      <line num="125" type="stmt" count="0"/>
      <line num="126" type="stmt" count="0"/>
      <line num="127" type="stmt" count="0"/>
      <line num="128" type="stmt" count="0"/>
      <line num="129" type="stmt" count="0"/>
      <line num="130" type="stmt" count="0"/>
      <line num="131" type="stmt" count="0"/>
      <line num="132" type="stmt" count="0"/>
      <line num="133" type="stmt" count="0"/>
      <line num="134" type="stmt" count="0"/>
      <line num="135" type="stmt" count="0"/>
      <line num="138" type="stmt" count="1"/>
      <metrics loc="141" ncloc="127" classes="1" methods="2" coveredmethods="0" conditionals="0" coveredconditionals="0" statements="77" coveredstatements="49" elements="79" coveredelements="49"/>
    </file>
    <file name="D:\Backend-appVM\ApiProyecto\app\Contracts\Repositories\FacultadRepository.php">
      <metrics loc="20" ncloc="18" classes="0" methods="0" coveredmethods="0" conditionals="0" coveredconditionals="0" statements="0" coveredstatements="0" elements="0" coveredelements="0"/>
    </file>
    <file name="D:\Backend-appVM\ApiProyecto\app\Exports\HorasPorPeriodoExport.php">
      <class name="App\Exports\HorasPorPeriodoExport" namespace="global">
        <metrics complexity="9" methods="5" coveredmethods="5" conditionals="0" coveredconditionals="0" statements="26" coveredstatements="26" elements="31" coveredelements="31"/>
      </class>
      <line num="14" type="method" name="__construct" visibility="public" complexity="1" crap="1" count="6"/>
      <line num="17" type="stmt" count="6"/>
      <line num="19" type="method" name="headings" visibility="public" complexity="3" crap="3" count="3"/>
      <line num="21" type="stmt" count="3"/>
      <line num="22" type="stmt" count="3"/>
      <line num="24" type="stmt" count="3"/>
      <line num="25" type="stmt" count="3"/>
      <line num="26" type="stmt" count="3"/>
      <line num="27" type="stmt" count="2"/>
      <line num="29" type="stmt" count="3"/>
      <line num="30" type="stmt" count="3"/>
      <line num="33" type="stmt" count="3"/>
      <line num="36" type="method" name="map" visibility="public" complexity="3" crap="3" count="3"/>
      <line num="38" type="stmt" count="3"/>
      <line num="39" type="stmt" count="3"/>
      <line num="40" type="stmt" count="3"/>
      <line num="41" type="stmt" count="3"/>
      <line num="42" type="stmt" count="3"/>
      <line num="44" type="stmt" count="3"/>
      <line num="45" type="stmt" count="3"/>
      <line num="46" type="stmt" count="2"/>
      <line num="49" type="stmt" count="3"/>
      <line num="50" type="stmt" count="3"/>
      <line num="51" type="stmt" count="3"/>
      <line num="54" type="stmt" count="3"/>
      <line num="55" type="stmt" count="3"/>
      <line num="58" type="method" name="array" visibility="public" complexity="1" crap="1" count="2"/>
      <line num="62" type="stmt" count="2"/>
      <line num="65" type="method" name="styles" visibility="public" complexity="1" crap="1" count="1"/>
      <line num="68" type="stmt" count="1"/>
      <line num="71" type="stmt" count="1"/>
      <metrics loc="74" ncloc="69" classes="1" methods="5" coveredmethods="5" conditionals="0" coveredconditionals="0" statements="26" coveredstatements="26" elements="31" coveredelements="31"/>
    </file>
    <file name="D:\Backend-appVM\ApiProyecto\app\Exports\MatriculaPlantillaExport.php">
      <class name="App\Exports\MatriculaPlantillaExport" namespace="global">
        <metrics complexity="1" methods="1" coveredmethods="1" conditionals="0" coveredconditionals="0" statements="5" coveredstatements="5" elements="6" coveredelements="6"/>
      </class>
      <line num="12" type="method" name="sheets" visibility="public" complexity="1" crap="1" count="1"/>
      <line num="14" type="stmt" count="1"/>
      <line num="15" type="stmt" count="1"/>
      <line num="16" type="stmt" count="1"/>
      <line num="17" type="stmt" count="1"/>
      <line num="18" type="stmt" count="1"/>
      <metrics loc="21" ncloc="21" classes="1" methods="1" coveredmethods="1" conditionals="0" coveredconditionals="0" statements="5" coveredstatements="5" elements="6" coveredelements="6"/>
    </file>
    <file name="D:\Backend-appVM\ApiProyecto\app\Exports\Sheets\CatalogosSheet.php">
      <class name="App\Exports\Sheets\CatalogosSheet" namespace="global">
        <metrics complexity="3" methods="3" coveredmethods="3" conditionals="0" coveredconditionals="0" statements="41" coveredstatements="41" elements="44" coveredelements="44"/>
      </class>
      <line num="14" type="method" name="title" visibility="public" complexity="1" crap="1" count="3"/>
      <line num="16" type="stmt" count="3"/>
      <line num="19" type="method" name="array" visibility="public" complexity="1" crap="1" count="3"/>
      <line num="27" type="stmt" count="3"/>
      <line num="28" type="stmt" count="3"/>
      <line num="29" type="stmt" count="3"/>
      <line num="30" type="stmt" count="3"/>
      <line num="31" type="stmt" count="3"/>
      <line num="32" type="stmt" count="3"/>
      <line num="33" type="stmt" count="3"/>
      <line num="34" type="stmt" count="3"/>
      <line num="35" type="stmt" count="3"/>
      <line num="36" type="stmt" count="3"/>
      <line num="37" type="stmt" count="3"/>
      <line num="38" type="stmt" count="3"/>
      <line num="39" type="stmt" count="3"/>
      <line num="40" type="stmt" count="3"/>
      <line num="41" type="stmt" count="3"/>
      <line num="42" type="stmt" count="3"/>
      <line num="43" type="stmt" count="3"/>
      <line num="44" type="stmt" count="3"/>
      <line num="45" type="stmt" count="3"/>
      <line num="46" type="stmt" count="3"/>
      <line num="47" type="stmt" count="3"/>
      <line num="48" type="stmt" count="3"/>
      <line num="49" type="stmt" count="3"/>
      <line num="50" type="stmt" count="3"/>
      <line num="51" type="stmt" count="3"/>
      <line num="52" type="stmt" count="3"/>
      <line num="53" type="stmt" count="3"/>
      <line num="54" type="stmt" count="3"/>
      <line num="55" type="stmt" count="3"/>
      <line num="56" type="stmt" count="3"/>
      <line num="57" type="stmt" count="3"/>
      <line num="58" type="stmt" count="3"/>
      <line num="59" type="stmt" count="3"/>
      <line num="62" type="method" name="registerEvents" visibility="public" complexity="1" crap="1" count="3"/>
      <line num="64" type="stmt" count="3"/>
      <line num="65" type="stmt" count="3"/>
      <line num="67" type="stmt" count="2"/>
      <line num="70" type="stmt" count="2"/>
      <line num="73" type="stmt" count="2"/>
      <line num="74" type="stmt" count="3"/>
      <line num="75" type="stmt" count="3"/>
      <metrics loc="78" ncloc="70" classes="1" methods="3" coveredmethods="3" conditionals="0" coveredconditionals="0" statements="41" coveredstatements="41" elements="44" coveredelements="44"/>
    </file>
    <file name="D:\Backend-appVM\ApiProyecto\app\Exports\Sheets\InstruccionesSheet.php">
      <class name="App\Exports\Sheets\InstruccionesSheet" namespace="global">
        <metrics complexity="2" methods="2" coveredmethods="2" conditionals="0" coveredconditionals="0" statements="20" coveredstatements="20" elements="22" coveredelements="22"/>
      </class>
      <line num="11" type="method" name="title" visibility="public" complexity="1" crap="1" count="2"/>
      <line num="13" type="stmt" count="2"/>
      <line num="16" type="method" name="array" visibility="public" complexity="1" crap="1" count="2"/>
      <line num="18" type="stmt" count="2"/>
      <line num="19" type="stmt" count="2"/>
      <line num="20" type="stmt" count="2"/>
      <line num="21" type="stmt" count="2"/>
      <line num="22" type="stmt" count="2"/>
      <line num="23" type="stmt" count="2"/>
      <line num="24" type="stmt" count="2"/>
      <line num="25" type="stmt" count="2"/>
      <line num="26" type="stmt" count="2"/>
      <line num="27" type="stmt" count="2"/>
      <line num="28" type="stmt" count="2"/>
      <line num="29" type="stmt" count="2"/>
      <line num="30" type="stmt" count="2"/>
      <line num="31" type="stmt" count="2"/>
      <line num="32" type="stmt" count="2"/>
      <line num="33" type="stmt" count="2"/>
      <line num="34" type="stmt" count="2"/>
      <line num="35" type="stmt" count="2"/>
      <line num="36" type="stmt" count="2"/>
      <metrics loc="39" ncloc="39" classes="1" methods="2" coveredmethods="2" conditionals="0" coveredconditionals="0" statements="20" coveredstatements="20" elements="22" coveredelements="22"/>
    </file>
    <file name="D:\Backend-appVM\ApiProyecto\app\Exports\Sheets\PlantillaMatriculasSheet.php">
      <class name="App\Exports\Sheets\PlantillaMatriculasSheet" namespace="global">
        <metrics complexity="11" methods="6" coveredmethods="6" conditionals="0" coveredconditionals="0" statements="84" coveredstatements="84" elements="90" coveredelements="90"/>
      </class>
      <line num="17" type="method" name="headings" visibility="public" complexity="1" crap="1" count="3"/>
      <line num="19" type="stmt" count="3"/>
      <line num="20" type="stmt" count="3"/>
      <line num="21" type="stmt" count="3"/>
      <line num="22" type="stmt" count="3"/>
      <line num="23" type="stmt" count="3"/>
      <line num="24" type="stmt" count="3"/>
      <line num="25" type="stmt" count="3"/>
      <line num="26" type="stmt" count="3"/>
      <line num="27" type="stmt" count="3"/>
      <line num="28" type="stmt" count="3"/>
      <line num="29" type="stmt" count="3"/>
      <line num="30" type="stmt" count="3"/>
      <line num="31" type="stmt" count="3"/>
      <line num="32" type="stmt" count="3"/>
      <line num="33" type="stmt" count="3"/>
      <line num="34" type="stmt" count="3"/>
      <line num="35" type="stmt" count="3"/>
      <line num="39" type="method" name="array" visibility="public" complexity="1" crap="1" count="3"/>
      <line num="41" type="stmt" count="3"/>
      <line num="42" type="stmt" count="3"/>
      <line num="43" type="stmt" count="3"/>
      <line num="44" type="stmt" count="3"/>
      <line num="45" type="stmt" count="3"/>
      <line num="46" type="stmt" count="3"/>
      <line num="47" type="stmt" count="3"/>
      <line num="48" type="stmt" count="3"/>
      <line num="49" type="stmt" count="3"/>
      <line num="50" type="stmt" count="3"/>
      <line num="51" type="stmt" count="3"/>
      <line num="52" type="stmt" count="3"/>
      <line num="53" type="stmt" count="3"/>
      <line num="54" type="stmt" count="3"/>
      <line num="55" type="stmt" count="3"/>
      <line num="56" type="stmt" count="3"/>
      <line num="57" type="stmt" count="3"/>
      <line num="60" type="method" name="title" visibility="public" complexity="1" crap="1" count="3"/>
      <line num="62" type="stmt" count="3"/>
      <line num="65" type="method" name="registerEvents" visibility="public" complexity="5" crap="5" count="2"/>
      <line num="67" type="stmt" count="2"/>
      <line num="68" type="stmt" count="2"/>
      <line num="69" type="stmt" count="2"/>
      <line num="72" type="stmt" count="2"/>
      <line num="75" type="stmt" count="2"/>
      <line num="76" type="stmt" count="2"/>
      <line num="79" type="stmt" count="2"/>
      <line num="80" type="stmt" count="2"/>
      <line num="83" type="stmt" count="2"/>
      <line num="86" type="stmt" count="2"/>
      <line num="87" type="stmt" count="2"/>
      <line num="91" type="stmt" count="2"/>
      <line num="92" type="stmt" count="2"/>
      <line num="97" type="stmt" count="2"/>
      <line num="98" type="stmt" count="2"/>
      <line num="102" type="stmt" count="2"/>
      <line num="103" type="stmt" count="2"/>
      <line num="104" type="stmt" count="2"/>
      <line num="108" type="stmt" count="2"/>
      <line num="109" type="stmt" count="2"/>
      <line num="110" type="stmt" count="2"/>
      <line num="111" type="stmt" count="2"/>
      <line num="112" type="stmt" count="2"/>
      <line num="113" type="stmt" count="2"/>
      <line num="114" type="stmt" count="2"/>
      <line num="115" type="stmt" count="2"/>
      <line num="118" type="method" name="applyListValidation" visibility="private" complexity="2" crap="2" count="2"/>
      <line num="120" type="stmt" count="2"/>
      <line num="121" type="stmt" count="2"/>
      <line num="122" type="stmt" count="2"/>
      <line num="123" type="stmt" count="2"/>
      <line num="124" type="stmt" count="2"/>
      <line num="125" type="stmt" count="2"/>
      <line num="126" type="stmt" count="2"/>
      <line num="127" type="stmt" count="2"/>
      <line num="128" type="stmt" count="2"/>
      <line num="129" type="stmt" count="2"/>
      <line num="131" type="stmt" count="2"/>
      <line num="132" type="stmt" count="2"/>
      <line num="133" type="stmt" count="2"/>
      <line num="136" type="method" name="applyDateValidation" visibility="private" complexity="1" crap="1" count="2"/>
      <line num="138" type="stmt" count="2"/>
      <line num="139" type="stmt" count="2"/>
      <line num="140" type="stmt" count="2"/>
      <line num="141" type="stmt" count="2"/>
      <line num="142" type="stmt" count="2"/>
      <line num="143" type="stmt" count="2"/>
      <line num="145" type="stmt" count="2"/>
      <line num="146" type="stmt" count="2"/>
      <line num="147" type="stmt" count="2"/>
      <line num="148" type="stmt" count="2"/>
      <metrics loc="151" ncloc="123" classes="1" methods="6" coveredmethods="6" conditionals="0" coveredconditionals="0" statements="84" coveredstatements="84" elements="90" coveredelements="90"/>
    </file>
    <file name="D:\Backend-appVM\ApiProyecto\app\Imports\MatriculaRegistroImport.php">
      <class name="App\Imports\MatriculaRegistroImport" namespace="global">
        <metrics complexity="143" methods="22" coveredmethods="10" conditionals="0" coveredconditionals="0" statements="397" coveredstatements="343" elements="419" coveredelements="353"/>
      </class>
      <line num="36" type="method" name="__construct" visibility="public" complexity="1" crap="1" count="6"/>
      <line num="38" type="stmt" count="6"/>
      <line num="39" type="stmt" count="6"/>
      <line num="42" type="method" name="collection" visibility="public" complexity="6" crap="6.56" count="6"/>
      <line num="45" type="stmt" count="6"/>
      <line num="46" type="stmt" count="6"/>
      <line num="47" type="stmt" count="6"/>
      <line num="48" type="stmt" count="6"/>
      <line num="49" type="stmt" count="6"/>
      <line num="51" type="stmt" count="6"/>
      <line num="52" type="stmt" count="6"/>
      <line num="54" type="stmt" count="6"/>
      <line num="55" type="stmt" count="6"/>
      <line num="58" type="stmt" count="6"/>
      <line num="59" type="stmt" count="6"/>
      <line num="60" type="stmt" count="6"/>
      <line num="62" type="stmt" count="6"/>
      <line num="63" type="stmt" count="6"/>
      <line num="64" type="stmt" count="6"/>
      <line num="65" type="stmt" count="6"/>
      <line num="66" type="stmt" count="6"/>
      <line num="67" type="stmt" count="6"/>
      <line num="68" type="stmt" count="6"/>
      <line num="69" type="stmt" count="6"/>
      <line num="70" type="stmt" count="6"/>
      <line num="71" type="stmt" count="6"/>
      <line num="72" type="stmt" count="6"/>
      <line num="73" type="stmt" count="6"/>
      <line num="74" type="stmt" count="6"/>
      <line num="75" type="stmt" count="6"/>
      <line num="76" type="stmt" count="6"/>
      <line num="77" type="stmt" count="0"/>
      <line num="78" type="stmt" count="0"/>
      <line num="79" type="stmt" count="0"/>
      <line num="80" type="stmt" count="0"/>
      <line num="81" type="stmt" count="0"/>
      <line num="82" type="stmt" count="0"/>
      <line num="83" type="stmt" count="0"/>
      <line num="84" type="stmt" count="0"/>
      <line num="85" type="stmt" count="0"/>
      <line num="90" type="method" name="summary" visibility="public" complexity="1" crap="1" count="6"/>
      <line num="91" type="method" name="rows" visibility="public" complexity="1" crap="2" count="0"/>
      <line num="95" type="method" name="upsert" visibility="private" complexity="43" crap="43" count="6"/>
      <line num="98" type="stmt" count="6"/>
      <line num="99" type="stmt" count="6"/>
      <line num="100" type="stmt" count="6"/>
      <line num="101" type="stmt" count="6"/>
      <line num="102" type="stmt" count="6"/>
      <line num="105" type="stmt" count="6"/>
      <line num="106" type="stmt" count="6"/>
      <line num="107" type="stmt" count="6"/>
      <line num="109" type="stmt" count="6"/>
      <line num="111" type="stmt" count="4"/>
      <line num="114" type="stmt" count="4"/>
      <line num="115" type="stmt" count="1"/>
      <line num="116" type="stmt" count="1"/>
      <line num="117" type="stmt" count="1"/>
      <line num="118" type="stmt" count="1"/>
      <line num="122" type="stmt" count="4"/>
      <line num="123" type="stmt" count="4"/>
      <line num="124" type="stmt" count="1"/>
      <line num="125" type="stmt" count="1"/>
      <line num="127" type="stmt" count="4"/>
      <line num="128" type="stmt" count="1"/>
      <line num="129" type="stmt" count="1"/>
      <line num="131" type="stmt" count="4"/>
      <line num="132" type="stmt" count="1"/>
      <line num="133" type="stmt" count="1"/>
      <line num="137" type="stmt" count="4"/>
      <line num="141" type="stmt" count="3"/>
      <line num="142" type="stmt" count="3"/>
      <line num="143" type="stmt" count="2"/>
      <line num="144" type="stmt" count="2"/>
      <line num="148" type="stmt" count="3"/>
      <line num="151" type="stmt" count="3"/>
      <line num="152" type="stmt" count="2"/>
      <line num="156" type="stmt" count="3"/>
      <line num="157" type="stmt" count="3"/>
      <line num="159" type="stmt" count="3"/>
      <line num="160" type="stmt" count="3"/>
      <line num="161" type="stmt" count="3"/>
      <line num="162" type="stmt" count="3"/>
      <line num="163" type="stmt" count="3"/>
      <line num="164" type="stmt" count="3"/>
      <line num="166" type="stmt" count="3"/>
      <line num="167" type="stmt" count="3"/>
      <line num="168" type="stmt" count="3"/>
      <line num="172" type="stmt" count="3"/>
      <line num="175" type="stmt" count="3"/>
      <line num="177" type="stmt" count="3"/>
      <line num="178" type="stmt" count="3"/>
      <line num="181" type="stmt" count="3"/>
      <line num="184" type="stmt" count="3"/>
      <line num="185" type="stmt" count="3"/>
      <line num="186" type="stmt" count="3"/>
      <line num="187" type="stmt" count="3"/>
      <line num="188" type="stmt" count="3"/>
      <line num="189" type="stmt" count="3"/>
      <line num="190" type="stmt" count="3"/>
      <line num="191" type="stmt" count="3"/>
      <line num="192" type="stmt" count="3"/>
      <line num="193" type="stmt" count="3"/>
      <line num="195" type="stmt" count="3"/>
      <line num="199" type="stmt" count="6"/>
      <line num="200" type="stmt" count="6"/>
      <line num="201" type="stmt" count="6"/>
      <line num="202" type="stmt" count="3"/>
      <line num="204" type="stmt" count="6"/>
      <line num="205" type="stmt" count="0"/>
      <line num="207" type="stmt" count="6"/>
      <line num="208" type="stmt" count="2"/>
      <line num="210" type="stmt" count="6"/>
      <line num="211" type="stmt" count="6"/>
      <line num="212" type="stmt" count="2"/>
      <line num="214" type="stmt" count="6"/>
      <line num="215" type="stmt" count="3"/>
      <line num="216" type="stmt" count="3"/>
      <line num="217" type="stmt" count="3"/>
      <line num="221" type="stmt" count="6"/>
      <line num="222" type="stmt" count="6"/>
      <line num="223" type="stmt" count="6"/>
      <line num="224" type="stmt" count="6"/>
      <line num="226" type="stmt" count="6"/>
      <line num="228" type="stmt" count="6"/>
      <line num="229" type="stmt" count="5"/>
      <line num="230" type="stmt" count="5"/>
      <line num="231" type="stmt" count="5"/>
      <line num="232" type="stmt" count="5"/>
      <line num="233" type="stmt" count="5"/>
      <line num="234" type="stmt" count="5"/>
      <line num="235" type="stmt" count="5"/>
      <line num="237" type="stmt" count="5"/>
      <line num="238" type="stmt" count="2"/>
      <line num="239" type="stmt" count="2"/>
      <line num="240" type="stmt" count="2"/>
      <line num="241" type="stmt" count="2"/>
      <line num="243" type="stmt" count="4"/>
      <line num="244" type="stmt" count="4"/>
      <line num="245" type="stmt" count="4"/>
      <line num="246" type="stmt" count="4"/>
      <line num="247" type="stmt" count="4"/>
      <line num="249" type="stmt" count="4"/>
      <line num="250" type="stmt" count="4"/>
      <line num="251" type="stmt" count="4"/>
      <line num="255" type="stmt" count="2"/>
      <line num="256" type="stmt" count="2"/>
      <line num="257" type="stmt" count="1"/>
      <line num="258" type="stmt" count="1"/>
      <line num="259" type="stmt" count="1"/>
      <line num="260" type="stmt" count="1"/>
      <line num="261" type="stmt" count="1"/>
      <line num="262" type="stmt" count="1"/>
      <line num="263" type="stmt" count="1"/>
      <line num="264" type="stmt" count="1"/>
      <line num="265" type="stmt" count="1"/>
      <line num="266" type="stmt" count="1"/>
      <line num="267" type="stmt" count="1"/>
      <line num="269" type="stmt" count="1"/>
      <line num="273" type="stmt" count="6"/>
      <line num="274" type="stmt" count="1"/>
      <line num="275" type="stmt" count="5"/>
      <line num="276" type="stmt" count="0"/>
      <line num="277" type="stmt" count="5"/>
      <line num="278" type="stmt" count="2"/>
      <line num="282" type="stmt" count="6"/>
      <line num="284" type="stmt" count="6"/>
      <line num="285" type="stmt" count="6"/>
      <line num="286" type="stmt" count="6"/>
      <line num="287" type="stmt" count="6"/>
      <line num="288" type="stmt" count="6"/>
      <line num="289" type="stmt" count="6"/>
      <line num="290" type="stmt" count="6"/>
      <line num="295" type="method" name="normalizeHeader" visibility="private" complexity="1" crap="1" count="6"/>
      <line num="297" type="stmt" count="6"/>
      <line num="298" type="stmt" count="6"/>
      <line num="299" type="stmt" count="6"/>
      <line num="300" type="stmt" count="6"/>
      <line num="301" type="stmt" count="6"/>
      <line num="302" type="stmt" count="6"/>
      <line num="303" type="stmt" count="6"/>
      <line num="304" type="stmt" count="6"/>
      <line num="305" type="stmt" count="6"/>
      <line num="306" type="stmt" count="6"/>
      <line num="309" type="method" name="firstNotNull" visibility="private" complexity="5" crap="5" count="6"/>
      <line num="311" type="stmt" count="6"/>
      <line num="312" type="stmt" count="6"/>
      <line num="313" type="stmt" count="6"/>
      <line num="314" type="stmt" count="6"/>
      <line num="317" type="stmt" count="6"/>
      <line num="320" type="method" name="parseRow" visibility="private" complexity="6" crap="6" count="6"/>
      <line num="322" type="stmt" count="6"/>
      <line num="323" type="stmt" count="6"/>
      <line num="324" type="stmt" count="6"/>
      <line num="325" type="stmt" count="6"/>
      <line num="326" type="stmt" count="6"/>
      <line num="327" type="stmt" count="6"/>
      <line num="328" type="stmt" count="6"/>
      <line num="329" type="stmt" count="6"/>
      <line num="330" type="stmt" count="6"/>
      <line num="331" type="stmt" count="6"/>
      <line num="332" type="stmt" count="6"/>
      <line num="333" type="stmt" count="6"/>
      <line num="334" type="stmt" count="6"/>
      <line num="335" type="stmt" count="6"/>
      <line num="336" type="stmt" count="6"/>
      <line num="337" type="stmt" count="6"/>
      <line num="338" type="stmt" count="6"/>
      <line num="340" type="stmt" count="6"/>
      <line num="341" type="stmt" count="6"/>
      <line num="342" type="stmt" count="6"/>
      <line num="346" type="stmt" count="6"/>
      <line num="347" type="stmt" count="6"/>
      <line num="348" type="stmt" count="6"/>
      <line num="351" type="stmt" count="6"/>
      <line num="352" type="stmt" count="6"/>
      <line num="353" type="stmt" count="6"/>
      <line num="354" type="stmt" count="6"/>
      <line num="355" type="stmt" count="6"/>
      <line num="356" type="stmt" count="6"/>
      <line num="357" type="stmt" count="6"/>
      <line num="361" type="stmt" count="6"/>
      <line num="369" type="method" name="parseDate" visibility="private" complexity="14" crap="15.08" count="6"/>
      <line num="371" type="stmt" count="6"/>
      <line num="373" type="stmt" count="5"/>
      <line num="375" type="stmt" count="0"/>
      <line num="376" type="stmt" count="0"/>
      <line num="377" type="stmt" count="0"/>
      <line num="378" type="stmt" count="0"/>
      <line num="382" type="stmt" count="5"/>
      <line num="383" type="stmt" count="5"/>
      <line num="384" type="stmt" count="5"/>
      <line num="385" type="stmt" count="5"/>
      <line num="388" type="stmt" count="5"/>
      <line num="389" type="stmt" count="1"/>
      <line num="390" type="stmt" count="5"/>
      <line num="392" type="stmt" count="5"/>
      <line num="393" type="stmt" count="5"/>
      <line num="394" type="stmt" count="5"/>
      <line num="395" type="stmt" count="5"/>
      <line num="396" type="stmt" count="5"/>
      <line num="397" type="stmt" count="5"/>
      <line num="398" type="stmt" count="5"/>
      <line num="399" type="stmt" count="5"/>
      <line num="401" type="stmt" count="5"/>
      <line num="402" type="stmt" count="5"/>
      <line num="403" type="stmt" count="5"/>
      <line num="404" type="stmt" count="4"/>
      <line num="405" type="stmt" count="4"/>
      <line num="406" type="stmt" count="4"/>
      <line num="411" type="stmt" count="1"/>
      <line num="412" type="stmt" count="0"/>
      <line num="414" type="stmt" count="1"/>
      <line num="415" type="stmt" count="1"/>
      <line num="416" type="stmt" count="1"/>
      <line num="417" type="stmt" count="1"/>
      <line num="421" type="stmt" count="0"/>
      <line num="425" type="method" name="splitName" visibility="private" complexity="7" crap="19.45" count="3"/>
      <line num="427" type="stmt" count="3"/>
      <line num="428" type="stmt" count="3"/>
      <line num="429" type="stmt" count="0"/>
      <line num="433" type="stmt" count="3"/>
      <line num="436" type="stmt" count="3"/>
      <line num="437" type="stmt" count="3"/>
      <line num="438" type="stmt" count="3"/>
      <line num="439" type="stmt" count="3"/>
      <line num="441" type="stmt" count="3"/>
      <line num="442" type="stmt" count="3"/>
      <line num="443" type="stmt" count="3"/>
      <line num="444" type="stmt" count="3"/>
      <line num="448" type="stmt" count="0"/>
      <line num="449" type="stmt" count="0"/>
      <line num="451" type="stmt" count="0"/>
      <line num="452" type="stmt" count="0"/>
      <line num="453" type="stmt" count="0"/>
      <line num="454" type="stmt" count="0"/>
      <line num="455" type="stmt" count="0"/>
      <line num="458" type="stmt" count="0"/>
      <line num="460" type="stmt" count="0"/>
      <line num="461" type="stmt" count="0"/>
      <line num="462" type="stmt" count="0"/>
      <line num="463" type="stmt" count="0"/>
      <line num="467" type="stmt" count="0"/>
      <line num="468" type="stmt" count="0"/>
      <line num="470" type="stmt" count="0"/>
      <line num="471" type="stmt" count="0"/>
      <line num="472" type="stmt" count="0"/>
      <line num="473" type="stmt" count="0"/>
      <line num="476" type="method" name="username" visibility="private" complexity="4" crap="4.05" count="2"/>
      <line num="478" type="stmt" count="2"/>
      <line num="479" type="stmt" count="2"/>
      <line num="480" type="stmt" count="2"/>
      <line num="481" type="stmt" count="2"/>
      <line num="482" type="stmt" count="2"/>
      <line num="483" type="stmt" count="0"/>
      <line num="485" type="stmt" count="2"/>
      <line num="488" type="method" name="usernameFromEmail" visibility="private" complexity="4" crap="20" count="0"/>
      <line num="490" type="stmt" count="0"/>
      <line num="491" type="stmt" count="0"/>
      <line num="492" type="stmt" count="0"/>
      <line num="493" type="stmt" count="0"/>
      <line num="494" type="stmt" count="0"/>
      <line num="495" type="stmt" count="0"/>
      <line num="497" type="stmt" count="0"/>
      <line num="500" type="method" name="docTipo" visibility="private" complexity="11" crap="11.56" count="3"/>
      <line num="502" type="stmt" count="3"/>
      <line num="503" type="stmt" count="3"/>
      <line num="504" type="stmt" count="3"/>
      <line num="505" type="stmt" count="3"/>
      <line num="506" type="stmt" count="3"/>
      <line num="508" type="stmt" count="3"/>
      <line num="509" type="stmt" count="2"/>
      <line num="511" type="stmt" count="1"/>
      <line num="512" type="stmt" count="0"/>
      <line num="514" type="stmt" count="1"/>
      <line num="515" type="stmt" count="0"/>
      <line num="517" type="stmt" count="1"/>
      <line num="521" type="method" name="toIso2Country" visibility="private" complexity="5" crap="5" count="3"/>
      <line num="523" type="stmt" count="3"/>
      <line num="525" type="stmt" count="3"/>
      <line num="526" type="stmt" count="3"/>
      <line num="527" type="stmt" count="3"/>
      <line num="528" type="stmt" count="3"/>
      <line num="530" type="stmt" count="3"/>
      <line num="531" type="stmt" count="3"/>
      <line num="532" type="stmt" count="3"/>
      <line num="533" type="stmt" count="3"/>
      <line num="535" type="stmt" count="3"/>
      <line num="537" type="stmt" count="3"/>
      <line num="539" type="stmt" count="3"/>
      <line num="540" type="stmt" count="3"/>
      <line num="541" type="stmt" count="3"/>
      <line num="542" type="stmt" count="3"/>
      <line num="543" type="stmt" count="3"/>
      <line num="544" type="stmt" count="3"/>
      <line num="545" type="stmt" count="3"/>
      <line num="547" type="stmt" count="3"/>
      <line num="548" type="stmt" count="3"/>
      <line num="549" type="stmt" count="3"/>
      <line num="550" type="stmt" count="3"/>
      <line num="551" type="stmt" count="3"/>
      <line num="552" type="stmt" count="3"/>
      <line num="553" type="stmt" count="3"/>
      <line num="554" type="stmt" count="3"/>
      <line num="555" type="stmt" count="3"/>
      <line num="556" type="stmt" count="3"/>
      <line num="557" type="stmt" count="3"/>
      <line num="558" type="stmt" count="3"/>
      <line num="560" type="stmt" count="3"/>
      <line num="563" type="method" name="toCicloInt" visibility="private" complexity="3" crap="3" count="6"/>
      <line num="565" type="stmt" count="6"/>
      <line num="566" type="stmt" count="6"/>
      <line num="567" type="stmt" count="6"/>
      <line num="570" type="method" name="normalizeModalidad" visibility="private" complexity="8" crap="8.19" count="6"/>
      <line num="572" type="stmt" count="6"/>
      <line num="573" type="stmt" count="6"/>
      <line num="574" type="stmt" count="6"/>
      <line num="575" type="stmt" count="6"/>
      <line num="576" type="stmt" count="3"/>
      <line num="577" type="stmt" count="2"/>
      <line num="578" type="stmt" count="0"/>
      <line num="581" type="method" name="normalizeContrato" visibility="private" complexity="5" crap="5.07" count="6"/>
      <line num="583" type="stmt" count="6"/>
      <line num="584" type="stmt" count="6"/>
      <line num="585" type="stmt" count="6"/>
      <line num="586" type="stmt" count="6"/>
      <line num="587" type="stmt" count="3"/>
      <line num="588" type="stmt" count="1"/>
      <line num="589" type="stmt" count="0"/>
      <line num="592" type="method" name="findUser" visibility="private" complexity="7" crap="7" count="3"/>
      <line num="594" type="stmt" count="3"/>
      <line num="595" type="stmt" count="3"/>
      <line num="596" type="stmt" count="3"/>
      <line num="598" type="stmt" count="2"/>
      <line num="599" type="stmt" count="2"/>
      <line num="600" type="stmt" count="2"/>
      <line num="602" type="stmt" count="2"/>
      <line num="603" type="stmt" count="1"/>
      <line num="604" type="stmt" count="1"/>
      <line num="606" type="stmt" count="2"/>
      <line num="609" type="method" name="unaccent" visibility="private" complexity="1" crap="1" count="6"/>
      <line num="611" type="stmt" count="6"/>
      <line num="612" type="stmt" count="6"/>
      <line num="613" type="stmt" count="6"/>
      <line num="614" type="stmt" count="6"/>
      <line num="615" type="stmt" count="6"/>
      <line num="616" type="stmt" count="6"/>
      <line num="617" type="stmt" count="6"/>
      <line num="618" type="stmt" count="6"/>
      <line num="619" type="stmt" count="6"/>
      <line num="620" type="stmt" count="6"/>
      <line num="621" type="stmt" count="6"/>
      <line num="622" type="stmt" count="6"/>
      <line num="623" type="stmt" count="6"/>
      <line num="624" type="stmt" count="6"/>
      <line num="628" type="method" name="ensurePassword" visibility="private" complexity="3" crap="3.07" count="4"/>
      <line num="630" type="stmt" count="4"/>
      <line num="631" type="stmt" count="0"/>
      <line num="633" type="stmt" count="4"/>
      <line num="634" type="stmt" count="4"/>
      <line num="635" type="stmt" count="4"/>
      <line num="639" type="method" name="ensureStudentRole" visibility="private" complexity="3" crap="5.67" count="6"/>
      <line num="642" type="stmt" count="6"/>
      <line num="643" type="stmt" count="6"/>
      <line num="645" type="stmt" count="0"/>
      <line num="646" type="stmt" count="0"/>
      <line num="647" type="stmt" count="0"/>
      <line num="648" type="stmt" count="0"/>
      <line num="653" type="method" name="refreshVigencias" visibility="private" complexity="4" crap="4" count="6"/>
      <line num="655" type="stmt" count="6"/>
      <line num="656" type="stmt" count="6"/>
      <line num="657" type="stmt" count="6"/>
      <line num="658" type="stmt" count="6"/>
      <line num="660" type="stmt" count="6"/>
      <line num="661" type="stmt" count="6"/>
      <line num="662" type="stmt" count="6"/>
      <line num="664" type="stmt" count="6"/>
      <line num="665" type="stmt" count="5"/>
      <metrics loc="669" ncloc="627" classes="1" methods="22" coveredmethods="10" conditionals="0" coveredconditionals="0" statements="397" coveredstatements="343" elements="419" coveredelements="353"/>
    </file>
    <file name="D:\Backend-appVM\ApiProyecto\app\Providers\AppServiceProvider.php">
      <class name="App\Providers\AppServiceProvider" namespace="global">
        <metrics complexity="2" methods="2" coveredmethods="2" conditionals="0" coveredconditionals="0" statements="26" coveredstatements="26" elements="28" coveredelements="28"/>
      </class>
      <line num="20" type="method" name="register" visibility="public" complexity="1" crap="1" count="205"/>
      <line num="23" type="stmt" count="205"/>
      <line num="25" type="method" name="boot" visibility="public" complexity="1" crap="1" count="205"/>
      <line num="27" type="stmt" count="205"/>
      <line num="28" type="stmt" count="205"/>
      <line num="29" type="stmt" count="205"/>
      <line num="30" type="stmt" count="205"/>
      <line num="31" type="stmt" count="205"/>
      <line num="32" type="stmt" count="205"/>
      <line num="33" type="stmt" count="205"/>
      <line num="34" type="stmt" count="205"/>
      <line num="35" type="stmt" count="205"/>
      <line num="36" type="stmt" count="205"/>
      <line num="38" type="stmt" count="205"/>
      <line num="39" type="stmt" count="205"/>
      <line num="40" type="stmt" count="205"/>
      <line num="41" type="stmt" count="205"/>
      <line num="42" type="stmt" count="205"/>
      <line num="43" type="stmt" count="205"/>
      <line num="44" type="stmt" count="205"/>
      <line num="45" type="stmt" count="205"/>
      <line num="46" type="stmt" count="205"/>
      <line num="47" type="stmt" count="205"/>
      <line num="48" type="stmt" count="205"/>
      <line num="49" type="stmt" count="205"/>
      <line num="50" type="stmt" count="205"/>
      <line num="52" type="stmt" count="205"/>
      <line num="55" type="stmt" count="205"/>
      <metrics loc="62" ncloc="56" classes="1" methods="2" coveredmethods="2" conditionals="0" coveredconditionals="0" statements="26" coveredstatements="26" elements="28" coveredelements="28"/>
    </file>
    <file name="D:\Backend-appVM\ApiProyecto\app\Providers\RepositoryServiceProvider.php">
      <class name="App\Providers\RepositoryServiceProvider" namespace="global">
        <metrics complexity="1" methods="1" coveredmethods="1" conditionals="0" coveredconditionals="0" statements="1" coveredstatements="1" elements="2" coveredelements="2"/>
      </class>
      <line num="11" type="method" name="register" visibility="public" complexity="1" crap="1" count="2"/>
      <line num="13" type="stmt" count="2"/>
      <metrics loc="16" ncloc="15" classes="1" methods="1" coveredmethods="1" conditionals="0" coveredconditionals="0" statements="1" coveredstatements="1" elements="2" coveredelements="2"/>
    </file>
    <file name="D:\Backend-appVM\ApiProyecto\app\Repositories\Eloquent\EloquentFacultadRepository.php">
      <class name="App\Repositories\Eloquent\EloquentFacultadRepository" namespace="global">
        <metrics complexity="6" methods="6" coveredmethods="6" conditionals="0" coveredconditionals="0" statements="9" coveredstatements="9" elements="15" coveredelements="15"/>
      </class>
      <line num="12" type="method" name="find" visibility="public" complexity="1" crap="1" count="1"/>
      <line num="14" type="stmt" count="1"/>
      <line num="17" type="method" name="listByUniversidad" visibility="public" complexity="1" crap="1" count="1"/>
      <line num="19" type="stmt" count="1"/>
      <line num="20" type="stmt" count="1"/>
      <line num="21" type="stmt" count="1"/>
      <line num="24" type="method" name="create" visibility="public" complexity="1" crap="1" count="1"/>
      <line num="26" type="stmt" count="1"/>
      <line num="29" type="method" name="update" visibility="public" complexity="1" crap="1" count="1"/>
      <line num="31" type="stmt" count="1"/>
      <line num="32" type="stmt" count="1"/>
      <line num="35" type="method" name="delete" visibility="public" complexity="1" crap="1" count="1"/>
      <line num="37" type="stmt" count="1"/>
      <line num="40" type="method" name="allByUniversidad" visibility="public" complexity="1" crap="1" count="1"/>
      <line num="42" type="stmt" count="1"/>
      <metrics loc="45" ncloc="44" classes="1" methods="6" coveredmethods="6" conditionals="0" coveredconditionals="0" statements="9" coveredstatements="9" elements="15" coveredelements="15"/>
    </file>
    <file name="D:\Backend-appVM\ApiProyecto\app\Services\Academico\FacultadService.php">
      <class name="App\Services\Academico\FacultadService" namespace="global">
        <metrics complexity="7" methods="4" coveredmethods="4" conditionals="0" coveredconditionals="0" statements="11" coveredstatements="11" elements="15" coveredelements="15"/>
      </class>
      <line num="11" type="method" name="__construct" visibility="public" complexity="1" crap="1" count="6"/>
      <line num="13" type="method" name="crear" visibility="public" complexity="2" crap="2" count="2"/>
      <line num="16" type="stmt" count="2"/>
      <line num="17" type="stmt" count="1"/>
      <line num="19" type="stmt" count="1"/>
      <line num="22" type="method" name="actualizar" visibility="public" complexity="2" crap="2" count="2"/>
      <line num="24" type="stmt" count="2"/>
      <line num="25" type="stmt" count="2"/>
      <line num="26" type="stmt" count="1"/>
      <line num="28" type="stmt" count="1"/>
      <line num="31" type="method" name="eliminar" visibility="public" complexity="2" crap="2" count="2"/>
      <line num="33" type="stmt" count="2"/>
      <line num="34" type="stmt" count="2"/>
      <line num="35" type="stmt" count="1"/>
      <metrics loc="38" ncloc="36" classes="1" methods="4" coveredmethods="4" conditionals="0" coveredconditionals="0" statements="11" coveredstatements="11" elements="15" coveredelements="15"/>
    </file>
    <file name="D:\Backend-appVM\ApiProyecto\app\Services\Auth\EpScopeService.php">
      <class name="App\Services\Auth\EpScopeService" namespace="global">
        <metrics complexity="22" methods="9" coveredmethods="4" conditionals="0" coveredconditionals="0" statements="68" coveredstatements="63" elements="77" coveredelements="67"/>
      </class>
      <line num="18" type="method" name="userIdColumn" visibility="protected" complexity="2" crap="2" count="11"/>
      <line num="20" type="stmt" count="11"/>
      <line num="24" type="method" name="user" visibility="protected" complexity="1" crap="1" count="18"/>
      <line num="26" type="stmt" count="18"/>
      <line num="29" type="method" name="userManagesEpSede" visibility="public" complexity="3" crap="3" count="11"/>
      <line num="31" type="stmt" count="11"/>
      <line num="32" type="stmt" count="11"/>
      <line num="33" type="stmt" count="6"/>
      <line num="36" type="stmt" count="5"/>
      <line num="37" type="stmt" count="5"/>
      <line num="38" type="stmt" count="5"/>
      <line num="39" type="stmt" count="5"/>
      <line num="40" type="stmt" count="5"/>
      <line num="41" type="stmt" count="5"/>
      <line num="44" type="method" name="userManagesSede" visibility="public" complexity="3" crap="3.01" count="1"/>
      <line num="46" type="stmt" count="1"/>
      <line num="47" type="stmt" count="1"/>
      <line num="48" type="stmt" count="0"/>
      <line num="51" type="stmt" count="1"/>
      <line num="52" type="stmt" count="1"/>
      <line num="53" type="stmt" count="1"/>
      <line num="54" type="stmt" count="1"/>
      <line num="55" type="stmt" count="1"/>
      <line num="56" type="stmt" count="1"/>
      <line num="59" type="method" name="userManagesFacultad" visibility="public" complexity="3" crap="3.01" count="1"/>
      <line num="61" type="stmt" count="1"/>
      <line num="62" type="stmt" count="1"/>
      <line num="63" type="stmt" count="0"/>
      <line num="66" type="stmt" count="1"/>
      <line num="67" type="stmt" count="1"/>
      <line num="68" type="stmt" count="1"/>
      <line num="69" type="stmt" count="1"/>
      <line num="70" type="stmt" count="1"/>
      <line num="71" type="stmt" count="1"/>
      <line num="75" type="method" name="epSedesIdsManagedBy" visibility="public" complexity="3" crap="3" count="3"/>
      <line num="77" type="stmt" count="3"/>
      <line num="78" type="stmt" count="3"/>
      <line num="79" type="stmt" count="1"/>
      <line num="82" type="stmt" count="2"/>
      <line num="83" type="stmt" count="2"/>
      <line num="84" type="stmt" count="2"/>
      <line num="85" type="stmt" count="2"/>
      <line num="86" type="stmt" count="2"/>
      <line num="87" type="stmt" count="2"/>
      <line num="88" type="stmt" count="2"/>
      <line num="89" type="stmt" count="2"/>
      <line num="93" type="method" name="expedienteId" visibility="public" complexity="3" crap="3.01" count="1"/>
      <line num="95" type="stmt" count="1"/>
      <line num="96" type="stmt" count="1"/>
      <line num="97" type="stmt" count="0"/>
      <line num="100" type="stmt" count="1"/>
      <line num="101" type="stmt" count="1"/>
      <line num="102" type="stmt" count="1"/>
      <line num="103" type="stmt" count="1"/>
      <line num="104" type="stmt" count="1"/>
      <line num="106" type="stmt" count="1"/>
      <line num="110" type="method" name="userBelongsToEpSede" visibility="public" complexity="2" crap="2.01" count="1"/>
      <line num="112" type="stmt" count="1"/>
      <line num="113" type="stmt" count="1"/>
      <line num="114" type="stmt" count="0"/>
      <line num="117" type="stmt" count="1"/>
      <line num="118" type="stmt" count="1"/>
      <line num="119" type="stmt" count="1"/>
      <line num="120" type="stmt" count="1"/>
      <line num="121" type="stmt" count="1"/>
      <line num="122" type="stmt" count="1"/>
      <line num="126" type="method" name="epSedeIdForUser" visibility="public" complexity="2" crap="2.00" count="1"/>
      <line num="128" type="stmt" count="1"/>
      <line num="129" type="stmt" count="1"/>
      <line num="130" type="stmt" count="0"/>
      <line num="133" type="stmt" count="1"/>
      <line num="135" type="stmt" count="1"/>
      <line num="136" type="stmt" count="1"/>
      <line num="137" type="stmt" count="1"/>
      <line num="138" type="stmt" count="1"/>
      <line num="139" type="stmt" count="1"/>
      <line num="141" type="stmt" count="1"/>
      <metrics loc="144" ncloc="137" classes="1" methods="9" coveredmethods="4" conditionals="0" coveredconditionals="0" statements="68" coveredstatements="63" elements="77" coveredelements="67"/>
    </file>
    <file name="D:\Backend-appVM\ApiProyecto\app\Services\EpSede\StaffAssignmentService.php">
      <class name="App\Services\EpSede\StaffAssignmentService" namespace="global">
        <metrics complexity="42" methods="12" coveredmethods="2" conditionals="0" coveredconditionals="0" statements="261" coveredstatements="21" elements="273" coveredelements="23"/>
      </class>
      <line num="14" type="method" name="shouldTouchUserStatus" visibility="protected" complexity="1" crap="2" count="0"/>
      <line num="16" type="stmt" count="0"/>
      <line num="19" type="method" name="setUserStatus" visibility="protected" complexity="3" crap="12" count="0"/>
      <line num="21" type="stmt" count="0"/>
      <line num="22" type="stmt" count="0"/>
      <line num="25" type="stmt" count="0"/>
      <line num="26" type="stmt" count="0"/>
      <line num="27" type="stmt" count="0"/>
      <line num="31" type="method" name="guardSuspended" visibility="protected" complexity="3" crap="12" count="0"/>
      <line num="33" type="stmt" count="0"/>
      <line num="34" type="stmt" count="0"/>
      <line num="38" type="method" name="maxCoordinadorGuard" visibility="protected" complexity="3" crap="12" count="0"/>
      <line num="40" type="stmt" count="0"/>
      <line num="41" type="stmt" count="0"/>
      <line num="42" type="stmt" count="0"/>
      <line num="45" type="stmt" count="0"/>
      <line num="46" type="stmt" count="0"/>
      <line num="47" type="stmt" count="0"/>
      <line num="48" type="stmt" count="0"/>
      <line num="50" type="stmt" count="0"/>
      <line num="51" type="stmt" count="0"/>
      <line num="55" type="method" name="cooldownGuard" visibility="protected" complexity="5" crap="30" count="0"/>
      <line num="57" type="stmt" count="0"/>
      <line num="58" type="stmt" count="0"/>
      <line num="59" type="stmt" count="0"/>
      <line num="62" type="stmt" count="0"/>
      <line num="63" type="stmt" count="0"/>
      <line num="64" type="stmt" count="0"/>
      <line num="65" type="stmt" count="0"/>
      <line num="66" type="stmt" count="0"/>
      <line num="67" type="stmt" count="0"/>
      <line num="69" type="stmt" count="0"/>
      <line num="70" type="stmt" count="0"/>
      <line num="71" type="stmt" count="0"/>
      <line num="72" type="stmt" count="0"/>
      <line num="73" type="stmt" count="0"/>
      <line num="74" type="stmt" count="0"/>
      <line num="75" type="stmt" count="0"/>
      <line num="83" type="method" name="log" visibility="protected" complexity="1" crap="2" count="0"/>
      <line num="93" type="stmt" count="0"/>
      <line num="94" type="stmt" count="0"/>
      <line num="95" type="stmt" count="0"/>
      <line num="96" type="stmt" count="0"/>
      <line num="97" type="stmt" count="0"/>
      <line num="98" type="stmt" count="0"/>
      <line num="99" type="stmt" count="0"/>
      <line num="100" type="stmt" count="0"/>
      <line num="101" type="stmt" count="0"/>
      <line num="102" type="stmt" count="0"/>
      <line num="105" type="method" name="current" visibility="public" complexity="3" crap="3" count="3"/>
      <line num="107" type="stmt" count="3"/>
      <line num="108" type="stmt" count="3"/>
      <line num="109" type="stmt" count="3"/>
      <line num="110" type="stmt" count="3"/>
      <line num="111" type="stmt" count="3"/>
      <line num="112" type="stmt" count="3"/>
      <line num="114" type="stmt" count="3"/>
      <line num="116" type="stmt" count="3"/>
      <line num="117" type="stmt" count="1"/>
      <line num="118" type="stmt" count="1"/>
      <line num="120" type="stmt" count="1"/>
      <line num="121" type="stmt" count="1"/>
      <line num="122" type="stmt" count="1"/>
      <line num="123" type="stmt" count="1"/>
      <line num="124" type="stmt" count="1"/>
      <line num="127" type="stmt" count="3"/>
      <line num="130" type="method" name="assign" visibility="public" complexity="14" crap="210" count="0"/>
      <line num="139" type="stmt" count="0"/>
      <line num="140" type="stmt" count="0"/>
      <line num="141" type="stmt" count="0"/>
      <line num="144" type="stmt" count="0"/>
      <line num="146" type="stmt" count="0"/>
      <line num="147" type="stmt" count="0"/>
      <line num="148" type="stmt" count="0"/>
      <line num="150" type="stmt" count="0"/>
      <line num="151" type="stmt" count="0"/>
      <line num="153" type="stmt" count="0"/>
      <line num="154" type="stmt" count="0"/>
      <line num="157" type="stmt" count="0"/>
      <line num="159" type="stmt" count="0"/>
      <line num="160" type="stmt" count="0"/>
      <line num="161" type="stmt" count="0"/>
      <line num="162" type="stmt" count="0"/>
      <line num="163" type="stmt" count="0"/>
      <line num="164" type="stmt" count="0"/>
      <line num="165" type="stmt" count="0"/>
      <line num="166" type="stmt" count="0"/>
      <line num="167" type="stmt" count="0"/>
      <line num="168" type="stmt" count="0"/>
      <line num="169" type="stmt" count="0"/>
      <line num="171" type="stmt" count="0"/>
      <line num="172" type="stmt" count="0"/>
      <line num="173" type="stmt" count="0"/>
      <line num="174" type="stmt" count="0"/>
      <line num="175" type="stmt" count="0"/>
      <line num="176" type="stmt" count="0"/>
      <line num="179" type="stmt" count="0"/>
      <line num="180" type="stmt" count="0"/>
      <line num="182" type="stmt" count="0"/>
      <line num="183" type="stmt" count="0"/>
      <line num="184" type="stmt" count="0"/>
      <line num="185" type="stmt" count="0"/>
      <line num="186" type="stmt" count="0"/>
      <line num="187" type="stmt" count="0"/>
      <line num="190" type="stmt" count="0"/>
      <line num="191" type="stmt" count="0"/>
      <line num="192" type="stmt" count="0"/>
      <line num="194" type="stmt" count="0"/>
      <line num="195" type="stmt" count="0"/>
      <line num="196" type="stmt" count="0"/>
      <line num="197" type="stmt" count="0"/>
      <line num="198" type="stmt" count="0"/>
      <line num="199" type="stmt" count="0"/>
      <line num="200" type="stmt" count="0"/>
      <line num="201" type="stmt" count="0"/>
      <line num="202" type="stmt" count="0"/>
      <line num="203" type="stmt" count="0"/>
      <line num="207" type="stmt" count="0"/>
      <line num="208" type="stmt" count="0"/>
      <line num="209" type="stmt" count="0"/>
      <line num="210" type="stmt" count="0"/>
      <line num="211" type="stmt" count="0"/>
      <line num="212" type="stmt" count="0"/>
      <line num="213" type="stmt" count="0"/>
      <line num="214" type="stmt" count="0"/>
      <line num="216" type="stmt" count="0"/>
      <line num="217" type="stmt" count="0"/>
      <line num="218" type="stmt" count="0"/>
      <line num="221" type="stmt" count="0"/>
      <line num="222" type="stmt" count="0"/>
      <line num="223" type="stmt" count="0"/>
      <line num="225" type="stmt" count="0"/>
      <line num="226" type="stmt" count="0"/>
      <line num="227" type="stmt" count="0"/>
      <line num="228" type="stmt" count="0"/>
      <line num="229" type="stmt" count="0"/>
      <line num="230" type="stmt" count="0"/>
      <line num="231" type="stmt" count="0"/>
      <line num="232" type="stmt" count="0"/>
      <line num="233" type="stmt" count="0"/>
      <line num="234" type="stmt" count="0"/>
      <line num="239" type="stmt" count="0"/>
      <line num="240" type="stmt" count="0"/>
      <line num="241" type="stmt" count="0"/>
      <line num="242" type="stmt" count="0"/>
      <line num="244" type="stmt" count="0"/>
      <line num="245" type="stmt" count="0"/>
      <line num="246" type="stmt" count="0"/>
      <line num="247" type="stmt" count="0"/>
      <line num="248" type="stmt" count="0"/>
      <line num="251" type="stmt" count="0"/>
      <line num="252" type="stmt" count="0"/>
      <line num="255" type="stmt" count="0"/>
      <line num="257" type="stmt" count="0"/>
      <line num="258" type="stmt" count="0"/>
      <line num="259" type="stmt" count="0"/>
      <line num="260" type="stmt" count="0"/>
      <line num="261" type="stmt" count="0"/>
      <line num="262" type="stmt" count="0"/>
      <line num="263" type="stmt" count="0"/>
      <line num="264" type="stmt" count="0"/>
      <line num="265" type="stmt" count="0"/>
      <line num="266" type="stmt" count="0"/>
      <line num="268" type="stmt" count="0"/>
      <line num="269" type="stmt" count="0"/>
      <line num="270" type="stmt" count="0"/>
      <line num="271" type="stmt" count="0"/>
      <line num="272" type="stmt" count="0"/>
      <line num="273" type="stmt" count="0"/>
      <line num="274" type="stmt" count="0"/>
      <line num="275" type="stmt" count="0"/>
      <line num="276" type="stmt" count="0"/>
      <line num="277" type="stmt" count="0"/>
      <line num="278" type="stmt" count="0"/>
      <line num="279" type="stmt" count="0"/>
      <line num="281" type="stmt" count="0"/>
      <line num="282" type="stmt" count="0"/>
      <line num="285" type="method" name="unassign" visibility="public" complexity="5" crap="30" count="0"/>
      <line num="291" type="stmt" count="0"/>
      <line num="292" type="stmt" count="0"/>
      <line num="293" type="stmt" count="0"/>
      <line num="296" type="stmt" count="0"/>
      <line num="297" type="stmt" count="0"/>
      <line num="298" type="stmt" count="0"/>
      <line num="299" type="stmt" count="0"/>
      <line num="300" type="stmt" count="0"/>
      <line num="301" type="stmt" count="0"/>
      <line num="302" type="stmt" count="0"/>
      <line num="304" type="stmt" count="0"/>
      <line num="305" type="stmt" count="0"/>
      <line num="308" type="stmt" count="0"/>
      <line num="310" type="stmt" count="0"/>
      <line num="311" type="stmt" count="0"/>
      <line num="312" type="stmt" count="0"/>
      <line num="313" type="stmt" count="0"/>
      <line num="314" type="stmt" count="0"/>
      <line num="315" type="stmt" count="0"/>
      <line num="318" type="stmt" count="0"/>
      <line num="319" type="stmt" count="0"/>
      <line num="320" type="stmt" count="0"/>
      <line num="322" type="stmt" count="0"/>
      <line num="323" type="stmt" count="0"/>
      <line num="324" type="stmt" count="0"/>
      <line num="325" type="stmt" count="0"/>
      <line num="326" type="stmt" count="0"/>
      <line num="327" type="stmt" count="0"/>
      <line num="328" type="stmt" count="0"/>
      <line num="329" type="stmt" count="0"/>
      <line num="330" type="stmt" count="0"/>
      <line num="331" type="stmt" count="0"/>
      <line num="333" type="stmt" count="0"/>
      <line num="334" type="stmt" count="0"/>
      <line num="335" type="stmt" count="0"/>
      <line num="336" type="stmt" count="0"/>
      <line num="337" type="stmt" count="0"/>
      <line num="338" type="stmt" count="0"/>
      <line num="339" type="stmt" count="0"/>
      <line num="340" type="stmt" count="0"/>
      <line num="343" type="method" name="reinstate" visibility="public" complexity="1" crap="2" count="0"/>
      <line num="352" type="stmt" count="0"/>
      <line num="353" type="stmt" count="0"/>
      <line num="354" type="stmt" count="0"/>
      <line num="355" type="stmt" count="0"/>
      <line num="356" type="stmt" count="0"/>
      <line num="357" type="stmt" count="0"/>
      <line num="358" type="stmt" count="0"/>
      <line num="359" type="stmt" count="0"/>
      <line num="360" type="stmt" count="0"/>
      <line num="363" type="stmt" count="0"/>
      <line num="364" type="stmt" count="0"/>
      <line num="365" type="stmt" count="0"/>
      <line num="366" type="stmt" count="0"/>
      <line num="367" type="stmt" count="0"/>
      <line num="368" type="stmt" count="0"/>
      <line num="369" type="stmt" count="0"/>
      <line num="370" type="stmt" count="0"/>
      <line num="371" type="stmt" count="0"/>
      <line num="372" type="stmt" count="0"/>
      <line num="374" type="stmt" count="0"/>
      <line num="377" type="method" name="delegate" visibility="public" complexity="2" crap="6" count="0"/>
      <line num="386" type="stmt" count="0"/>
      <line num="387" type="stmt" count="0"/>
      <line num="390" type="stmt" count="0"/>
      <line num="391" type="stmt" count="0"/>
      <line num="392" type="stmt" count="0"/>
      <line num="393" type="stmt" count="0"/>
      <line num="394" type="stmt" count="0"/>
      <line num="395" type="stmt" count="0"/>
      <line num="396" type="stmt" count="0"/>
      <line num="397" type="stmt" count="0"/>
      <line num="398" type="stmt" count="0"/>
      <line num="400" type="stmt" count="0"/>
      <line num="401" type="stmt" count="0"/>
      <line num="402" type="stmt" count="0"/>
      <line num="404" type="stmt" count="0"/>
      <line num="405" type="stmt" count="0"/>
      <line num="407" type="stmt" count="0"/>
      <line num="408" type="stmt" count="0"/>
      <line num="409" type="stmt" count="0"/>
      <line num="410" type="stmt" count="0"/>
      <line num="411" type="stmt" count="0"/>
      <line num="412" type="stmt" count="0"/>
      <line num="413" type="stmt" count="0"/>
      <line num="414" type="stmt" count="0"/>
      <line num="415" type="stmt" count="0"/>
      <line num="416" type="stmt" count="0"/>
      <line num="418" type="stmt" count="0"/>
      <line num="421" type="method" name="history" visibility="public" complexity="1" crap="1" count="3"/>
      <line num="423" type="stmt" count="3"/>
      <line num="424" type="stmt" count="3"/>
      <line num="425" type="stmt" count="3"/>
      <line num="426" type="stmt" count="3"/>
      <line num="427" type="stmt" count="3"/>
      <metrics loc="430" ncloc="420" classes="1" methods="12" coveredmethods="2" conditionals="0" coveredconditionals="0" statements="261" coveredstatements="21" elements="273" coveredelements="23"/>
    </file>
    <file name="D:\Backend-appVM\ApiProyecto\app\Services\PaymentService.php">
      <class name="App\Services\PaymentService" namespace="global">
        <metrics complexity="3" methods="2" coveredmethods="2" conditionals="0" coveredconditionals="0" statements="4" coveredstatements="4" elements="6" coveredelements="6"/>
      </class>
      <line num="11" type="method" name="__construct" visibility="public" complexity="1" crap="1" count="2"/>
      <line num="13" type="stmt" count="2"/>
      <line num="16" type="method" name="processPayment" visibility="public" complexity="2" crap="2" count="2"/>
      <line num="18" type="stmt" count="2"/>
      <line num="19" type="stmt" count="1"/>
      <line num="23" type="stmt" count="1"/>
      <metrics loc="26" ncloc="23" classes="1" methods="2" coveredmethods="2" conditionals="0" coveredconditionals="0" statements="4" coveredstatements="4" elements="6" coveredelements="6"/>
    </file>
    <file name="D:\Backend-appVM\ApiProyecto\app\Services\Reportes\HorasPorPeriodoService.php">
      <class name="App\Services\Reportes\HorasPorPeriodoService" namespace="global">
        <metrics complexity="10" methods="1" coveredmethods="0" conditionals="0" coveredconditionals="0" statements="110" coveredstatements="109" elements="111" coveredelements="109"/>
      </class>
      <line num="23" type="method" name="build" visibility="public" complexity="10" crap="10" count="4"/>
      <line num="33" type="stmt" count="4"/>
      <line num="36" type="stmt" count="4"/>
      <line num="37" type="stmt" count="2"/>
      <line num="38" type="stmt" count="2"/>
      <line num="39" type="stmt" count="2"/>
      <line num="40" type="stmt" count="2"/>
      <line num="41" type="stmt" count="2"/>
      <line num="42" type="stmt" count="2"/>
      <line num="44" type="stmt" count="2"/>
      <line num="46" type="stmt" count="2"/>
      <line num="47" type="stmt" count="2"/>
      <line num="48" type="stmt" count="2"/>
      <line num="49" type="stmt" count="2"/>
      <line num="50" type="stmt" count="2"/>
      <line num="51" type="stmt" count="2"/>
      <line num="52" type="stmt" count="2"/>
      <line num="53" type="stmt" count="2"/>
      <line num="54" type="stmt" count="2"/>
      <line num="55" type="stmt" count="2"/>
      <line num="56" type="stmt" count="2"/>
      <line num="59" type="stmt" count="4"/>
      <line num="60" type="stmt" count="1"/>
      <line num="61" type="stmt" count="1"/>
      <line num="62" type="stmt" count="1"/>
      <line num="63" type="stmt" count="1"/>
      <line num="64" type="stmt" count="1"/>
      <line num="65" type="stmt" count="1"/>
      <line num="66" type="stmt" count="1"/>
      <line num="67" type="stmt" count="1"/>
      <line num="68" type="stmt" count="1"/>
      <line num="69" type="stmt" count="1"/>
      <line num="72" type="stmt" count="3"/>
      <line num="73" type="stmt" count="3"/>
      <line num="74" type="stmt" count="3"/>
      <line num="75" type="stmt" count="3"/>
      <line num="78" type="stmt" count="3"/>
      <line num="79" type="stmt" count="3"/>
      <line num="81" type="stmt" count="3"/>
      <line num="82" type="stmt" count="3"/>
      <line num="83" type="stmt" count="3"/>
      <line num="85" type="stmt" count="3"/>
      <line num="86" type="stmt" count="3"/>
      <line num="89" type="stmt" count="3"/>
      <line num="90" type="stmt" count="3"/>
      <line num="91" type="stmt" count="3"/>
      <line num="94" type="stmt" count="3"/>
      <line num="96" type="stmt" count="3"/>
      <line num="97" type="stmt" count="3"/>
      <line num="98" type="stmt" count="3"/>
      <line num="99" type="stmt" count="3"/>
      <line num="100" type="stmt" count="3"/>
      <line num="101" type="stmt" count="3"/>
      <line num="102" type="stmt" count="3"/>
      <line num="103" type="stmt" count="3"/>
      <line num="104" type="stmt" count="3"/>
      <line num="105" type="stmt" count="3"/>
      <line num="106" type="stmt" count="3"/>
      <line num="107" type="stmt" count="3"/>
      <line num="108" type="stmt" count="3"/>
      <line num="113" type="stmt" count="3"/>
      <line num="114" type="stmt" count="3"/>
      <line num="115" type="stmt" count="3"/>
      <line num="116" type="stmt" count="2"/>
      <line num="117" type="stmt" count="3"/>
      <line num="118" type="stmt" count="3"/>
      <line num="121" type="stmt" count="3"/>
      <line num="122" type="stmt" count="3"/>
      <line num="124" type="stmt" count="3"/>
      <line num="125" type="stmt" count="2"/>
      <line num="126" type="stmt" count="2"/>
      <line num="128" type="stmt" count="2"/>
      <line num="129" type="stmt" count="2"/>
      <line num="130" type="stmt" count="2"/>
      <line num="131" type="stmt" count="2"/>
      <line num="134" type="stmt" count="2"/>
      <line num="136" type="stmt" count="2"/>
      <line num="137" type="stmt" count="2"/>
      <line num="138" type="stmt" count="2"/>
      <line num="139" type="stmt" count="2"/>
      <line num="140" type="stmt" count="2"/>
      <line num="141" type="stmt" count="2"/>
      <line num="143" type="stmt" count="2"/>
      <line num="144" type="stmt" count="2"/>
      <line num="145" type="stmt" count="2"/>
      <line num="146" type="stmt" count="2"/>
      <line num="147" type="stmt" count="3"/>
      <line num="150" type="stmt" count="3"/>
      <line num="151" type="stmt" count="0"/>
      <line num="152" type="stmt" count="1"/>
      <line num="153" type="stmt" count="2"/>
      <line num="154" type="stmt" count="2"/>
      <line num="155" type="stmt" count="2"/>
      <line num="156" type="stmt" count="2"/>
      <line num="157" type="stmt" count="3"/>
      <line num="159" type="stmt" count="3"/>
      <line num="160" type="stmt" count="3"/>
      <line num="161" type="stmt" count="3"/>
      <line num="162" type="stmt" count="3"/>
      <line num="163" type="stmt" count="3"/>
      <line num="164" type="stmt" count="3"/>
      <line num="165" type="stmt" count="3"/>
      <line num="166" type="stmt" count="3"/>
      <line num="167" type="stmt" count="3"/>
      <line num="168" type="stmt" count="3"/>
      <line num="169" type="stmt" count="3"/>
      <line num="170" type="stmt" count="3"/>
      <line num="171" type="stmt" count="3"/>
      <line num="172" type="stmt" count="3"/>
      <line num="173" type="stmt" count="3"/>
      <line num="174" type="stmt" count="3"/>
      <metrics loc="177" ncloc="157" classes="1" methods="1" coveredmethods="0" conditionals="0" coveredconditionals="0" statements="110" coveredstatements="109" elements="111" coveredelements="109"/>
    </file>
    <file name="D:\Backend-appVM\ApiProyecto\app\Services\Reportes\ReporteHorasBuilder.php">
      <class name="App\Services\Reportes\ReporteHorasBuilder" namespace="global">
        <metrics complexity="13" methods="1" coveredmethods="0" conditionals="0" coveredconditionals="0" statements="80" coveredstatements="71" elements="81" coveredelements="71"/>
      </class>
      <line num="15" type="method" name="build" visibility="public" complexity="13" crap="13.24" count="3"/>
      <line num="17" type="stmt" count="3"/>
      <line num="20" type="stmt" count="3"/>
      <line num="21" type="stmt" count="3"/>
      <line num="22" type="stmt" count="3"/>
      <line num="25" type="stmt" count="3"/>
      <line num="26" type="stmt" count="3"/>
      <line num="27" type="stmt" count="3"/>
      <line num="29" type="stmt" count="3"/>
      <line num="30" type="stmt" count="3"/>
      <line num="31" type="stmt" count="3"/>
      <line num="34" type="stmt" count="3"/>
      <line num="36" type="stmt" count="3"/>
      <line num="38" type="stmt" count="3"/>
      <line num="39" type="stmt" count="3"/>
      <line num="40" type="stmt" count="3"/>
      <line num="41" type="stmt" count="3"/>
      <line num="43" type="stmt" count="3"/>
      <line num="44" type="stmt" count="3"/>
      <line num="45" type="stmt" count="3"/>
      <line num="47" type="stmt" count="3"/>
      <line num="48" type="stmt" count="3"/>
      <line num="49" type="stmt" count="3"/>
      <line num="50" type="stmt" count="3"/>
      <line num="51" type="stmt" count="3"/>
      <line num="52" type="stmt" count="3"/>
      <line num="53" type="stmt" count="3"/>
      <line num="54" type="stmt" count="3"/>
      <line num="55" type="stmt" count="3"/>
      <line num="57" type="stmt" count="3"/>
      <line num="58" type="stmt" count="3"/>
      <line num="59" type="stmt" count="3"/>
      <line num="60" type="stmt" count="3"/>
      <line num="62" type="stmt" count="3"/>
      <line num="63" type="stmt" count="3"/>
      <line num="64" type="stmt" count="3"/>
      <line num="65" type="stmt" count="3"/>
      <line num="66" type="stmt" count="0"/>
      <line num="67" type="stmt" count="0"/>
      <line num="68" type="stmt" count="0"/>
      <line num="69" type="stmt" count="0"/>
      <line num="70" type="stmt" count="0"/>
      <line num="71" type="stmt" count="0"/>
      <line num="72" type="stmt" count="0"/>
      <line num="73" type="stmt" count="0"/>
      <line num="75" type="stmt" count="0"/>
      <line num="77" type="stmt" count="3"/>
      <line num="78" type="stmt" count="3"/>
      <line num="79" type="stmt" count="3"/>
      <line num="80" type="stmt" count="3"/>
      <line num="81" type="stmt" count="3"/>
      <line num="82" type="stmt" count="3"/>
      <line num="83" type="stmt" count="3"/>
      <line num="84" type="stmt" count="3"/>
      <line num="85" type="stmt" count="3"/>
      <line num="86" type="stmt" count="3"/>
      <line num="87" type="stmt" count="3"/>
      <line num="88" type="stmt" count="3"/>
      <line num="90" type="stmt" count="3"/>
      <line num="93" type="stmt" count="3"/>
      <line num="94" type="stmt" count="3"/>
      <line num="95" type="stmt" count="3"/>
      <line num="96" type="stmt" count="3"/>
      <line num="98" type="stmt" count="3"/>
      <line num="99" type="stmt" count="3"/>
      <line num="100" type="stmt" count="3"/>
      <line num="101" type="stmt" count="3"/>
      <line num="102" type="stmt" count="3"/>
      <line num="103" type="stmt" count="3"/>
      <line num="104" type="stmt" count="3"/>
      <line num="105" type="stmt" count="3"/>
      <line num="106" type="stmt" count="3"/>
      <line num="107" type="stmt" count="3"/>
      <line num="108" type="stmt" count="3"/>
      <line num="109" type="stmt" count="3"/>
      <line num="110" type="stmt" count="3"/>
      <line num="111" type="stmt" count="3"/>
      <line num="112" type="stmt" count="3"/>
      <line num="113" type="stmt" count="3"/>
      <line num="114" type="stmt" count="3"/>
      <line num="115" type="stmt" count="3"/>
      <metrics loc="118" ncloc="113" classes="1" methods="1" coveredmethods="0" conditionals="0" coveredconditionals="0" statements="80" coveredstatements="71" elements="81" coveredelements="71"/>
    </file>
    <file name="D:\Backend-appVM\ApiProyecto\app\Services\Vm\AsistenciaService.php">
      <class name="App\Services\Vm\AsistenciaService" namespace="global">
        <metrics complexity="78" methods="19" coveredmethods="10" conditionals="0" coveredconditionals="0" statements="227" coveredstatements="164" elements="246" coveredelements="174"/>
      </class>
      <line num="38" type="method" name="normalizeHora" visibility="private" complexity="5" crap="8.12" count="5"/>
      <line num="40" type="stmt" count="5"/>
      <line num="41" type="stmt" count="5"/>
      <line num="42" type="stmt" count="5"/>
      <line num="44" type="stmt" count="0"/>
      <line num="45" type="stmt" count="0"/>
      <line num="46" type="stmt" count="0"/>
      <line num="54" type="method" name="at" visibility="public" complexity="2" crap="6" count="0"/>
      <line num="56" type="stmt" count="0"/>
      <line num="57" type="stmt" count="0"/>
      <line num="58" type="stmt" count="0"/>
      <line num="67" type="method" name="boundsForSesion" visibility="public" complexity="8" crap="17.33" count="5"/>
      <line num="69" type="stmt" count="5"/>
      <line num="70" type="stmt" count="5"/>
      <line num="71" type="stmt" count="0"/>
      <line num="73" type="stmt" count="5"/>
      <line num="74" type="stmt" count="5"/>
      <line num="76" type="stmt" count="5"/>
      <line num="77" type="stmt" count="5"/>
      <line num="78" type="stmt" count="5"/>
      <line num="79" type="stmt" count="5"/>
      <line num="80" type="stmt" count="5"/>
      <line num="83" type="stmt" count="0"/>
      <line num="84" type="stmt" count="0"/>
      <line num="85" type="stmt" count="0"/>
      <line num="86" type="stmt" count="0"/>
      <line num="89" type="stmt" count="0"/>
      <line num="90" type="stmt" count="0"/>
      <line num="91" type="stmt" count="0"/>
      <line num="92" type="stmt" count="0"/>
      <line num="96" type="stmt" count="0"/>
      <line num="103" type="method" name="timeWindowForSesion" visibility="public" complexity="1" crap="2" count="0"/>
      <line num="105" type="stmt" count="0"/>
      <line num="106" type="stmt" count="0"/>
      <line num="110" type="method" name="minutosSesion" visibility="public" complexity="1" crap="1" count="1"/>
      <line num="112" type="stmt" count="1"/>
      <line num="113" type="stmt" count="1"/>
      <line num="124" type="method" name="generarToken" visibility="public" complexity="1" crap="1" count="2"/>
      <line num="132" type="stmt" count="2"/>
      <line num="133" type="stmt" count="2"/>
      <line num="135" type="stmt" count="1"/>
      <line num="137" type="stmt" count="1"/>
      <line num="138" type="stmt" count="1"/>
      <line num="139" type="stmt" count="1"/>
      <line num="140" type="stmt" count="1"/>
      <line num="141" type="stmt" count="1"/>
      <line num="142" type="stmt" count="1"/>
      <line num="143" type="stmt" count="1"/>
      <line num="144" type="stmt" count="1"/>
      <line num="145" type="stmt" count="1"/>
      <line num="146" type="stmt" count="1"/>
      <line num="147" type="stmt" count="1"/>
      <line num="148" type="stmt" count="1"/>
      <line num="149" type="stmt" count="1"/>
      <line num="150" type="stmt" count="1"/>
      <line num="151" type="stmt" count="1"/>
      <line num="152" type="stmt" count="1"/>
      <line num="153" type="stmt" count="1"/>
      <line num="155" type="stmt" count="1"/>
      <line num="156" type="stmt" count="1"/>
      <line num="163" type="method" name="generarTokenManualAlineado" visibility="public" complexity="1" crap="1" count="1"/>
      <line num="168" type="stmt" count="1"/>
      <line num="169" type="stmt" count="1"/>
      <line num="171" type="stmt" count="1"/>
      <line num="173" type="stmt" count="1"/>
      <line num="174" type="stmt" count="1"/>
      <line num="175" type="stmt" count="1"/>
      <line num="176" type="stmt" count="1"/>
      <line num="177" type="stmt" count="1"/>
      <line num="178" type="stmt" count="1"/>
      <line num="179" type="stmt" count="1"/>
[...]
      <line num="88" type="stmt" count="0"/>
      <line num="89" type="stmt" count="0"/>
      <line num="92" type="stmt" count="22"/>
      <line num="93" type="stmt" count="0"/>
      <line num="94" type="stmt" count="0"/>
      <line num="97" type="stmt" count="22"/>
      <line num="98" type="stmt" count="6"/>
      <line num="99" type="stmt" count="6"/>
      <line num="101" type="stmt" count="22"/>
      <line num="102" type="stmt" count="22"/>
      <line num="103" type="stmt" count="22"/>
      <line num="104" type="stmt" count="22"/>
      <line num="105" type="stmt" count="22"/>
      <line num="106" type="stmt" count="22"/>
      <line num="107" type="stmt" count="22"/>
      <line num="108" type="stmt" count="22"/>
      <line num="109" type="stmt" count="22"/>
      <line num="110" type="stmt" count="22"/>
      <line num="111" type="stmt" count="22"/>
      <line num="113" type="stmt" count="0"/>
      <line num="114" type="stmt" count="0"/>
      <line num="115" type="stmt" count="0"/>
      <line num="116" type="stmt" count="0"/>
      <line num="117" type="stmt" count="0"/>
      <line num="118" type="stmt" count="0"/>
      <line num="123" type="method" name="recalcProyecto" visibility="protected" complexity="13" crap="18.39" count="24"/>
      <line num="125" type="stmt" count="24"/>
      <line num="126" type="stmt" count="0"/>
      <line num="127" type="stmt" count="24"/>
      <line num="130" type="stmt" count="24"/>
      <line num="131" type="stmt" count="24"/>
      <line num="132" type="stmt" count="24"/>
      <line num="133" type="stmt" count="24"/>
      <line num="135" type="stmt" count="24"/>
      <line num="136" type="stmt" count="24"/>
      <line num="138" type="stmt" count="24"/>
      <line num="140" type="stmt" count="24"/>
      <line num="141" type="stmt" count="24"/>
      <line num="142" type="stmt" count="9"/>
      <line num="143" type="stmt" count="0"/>
      <line num="144" type="stmt" count="0"/>
      <line num="145" type="stmt" count="9"/>
      <line num="146" type="stmt" count="0"/>
      <line num="147" type="stmt" count="0"/>
      <line num="150" type="stmt" count="24"/>
      <line num="151" type="stmt" count="0"/>
      <line num="152" type="stmt" count="0"/>
      <line num="155" type="stmt" count="24"/>
      <line num="156" type="stmt" count="7"/>
      <line num="157" type="stmt" count="7"/>
      <line num="159" type="stmt" count="24"/>
      <line num="160" type="stmt" count="24"/>
      <line num="161" type="stmt" count="24"/>
      <line num="162" type="stmt" count="24"/>
      <line num="163" type="stmt" count="24"/>
      <line num="164" type="stmt" count="24"/>
      <line num="165" type="stmt" count="24"/>
      <line num="166" type="stmt" count="24"/>
      <line num="167" type="stmt" count="24"/>
      <line num="168" type="stmt" count="24"/>
      <line num="169" type="stmt" count="24"/>
      <line num="171" type="stmt" count="0"/>
      <line num="172" type="stmt" count="0"/>
      <line num="173" type="stmt" count="0"/>
      <line num="174" type="stmt" count="0"/>
      <line num="175" type="stmt" count="0"/>
      <line num="176" type="stmt" count="0"/>
      <line num="181" type="method" name="recalcEvento" visibility="protected" complexity="17" crap="30.48" count="5"/>
      <line num="183" type="stmt" count="5"/>
      <line num="184" type="stmt" count="0"/>
      <line num="185" type="stmt" count="5"/>
      <line num="187" type="stmt" count="5"/>
      <line num="189" type="stmt" count="5"/>
      <line num="190" type="stmt" count="5"/>
      <line num="191" type="stmt" count="5"/>
      <line num="192" type="stmt" count="5"/>
      <line num="193" type="stmt" count="5"/>
      <line num="194" type="stmt" count="5"/>
      <line num="195" type="stmt" count="5"/>
      <line num="197" type="stmt" count="0"/>
      <line num="198" type="stmt" count="0"/>
      <line num="199" type="stmt" count="0"/>
      <line num="200" type="stmt" count="0"/>
      <line num="201" type="stmt" count="0"/>
      <line num="206" type="stmt" count="5"/>
      <line num="207" type="stmt" count="5"/>
      <line num="209" type="stmt" count="5"/>
      <line num="211" type="stmt" count="5"/>
      <line num="212" type="stmt" count="5"/>
      <line num="213" type="stmt" count="2"/>
      <line num="214" type="stmt" count="0"/>
      <line num="215" type="stmt" count="0"/>
      <line num="216" type="stmt" count="2"/>
      <line num="217" type="stmt" count="0"/>
      <line num="218" type="stmt" count="0"/>
      <line num="221" type="stmt" count="5"/>
      <line num="222" type="stmt" count="0"/>
      <line num="223" type="stmt" count="0"/>
      <line num="226" type="stmt" count="5"/>
      <line num="227" type="stmt" count="2"/>
      <line num="228" type="stmt" count="2"/>
      <line num="230" type="stmt" count="5"/>
      <line num="231" type="stmt" count="5"/>
      <line num="232" type="stmt" count="5"/>
      <line num="233" type="stmt" count="5"/>
      <line num="234" type="stmt" count="5"/>
      <line num="235" type="stmt" count="5"/>
      <line num="236" type="stmt" count="5"/>
      <line num="237" type="stmt" count="5"/>
      <line num="238" type="stmt" count="5"/>
      <line num="239" type="stmt" count="5"/>
      <line num="240" type="stmt" count="5"/>
      <line num="242" type="stmt" count="0"/>
      <line num="243" type="stmt" count="0"/>
      <line num="244" type="stmt" count="0"/>
      <line num="245" type="stmt" count="0"/>
      <line num="246" type="stmt" count="0"/>
      <line num="247" type="stmt" count="0"/>
      <line num="252" type="method" name="stateFromWindow" visibility="private" complexity="6" crap="6" count="29"/>
      <line num="254" type="stmt" count="29"/>
      <line num="255" type="stmt" count="9"/>
      <line num="256" type="stmt" count="20"/>
      <line num="257" type="stmt" count="12"/>
      <line num="258" type="stmt" count="9"/>
      <line num="259" type="stmt" count="7"/>
      <line num="260" type="stmt" count="6"/>
      <line num="268" type="method" name="computeWindowAndFlags" visibility="private" complexity="7" crap="9.51" count="29"/>
      <line num="271" type="stmt" count="29"/>
      <line num="272" type="stmt" count="29"/>
      <line num="275" type="stmt" count="29"/>
      <line num="276" type="stmt" count="29"/>
      <line num="278" type="stmt" count="29"/>
      <line num="281" type="stmt" count="29"/>
      <line num="282" type="stmt" count="29"/>
      <line num="286" type="stmt" count="29"/>
      <line num="287" type="stmt" count="29"/>
      <line num="289" type="stmt" count="29"/>
      <line num="290" type="stmt" count="29"/>
      <line num="291" type="stmt" count="29"/>
      <line num="293" type="stmt" count="29"/>
      <line num="294" type="stmt" count="29"/>
      <line num="295" type="stmt" count="29"/>
      <line num="297" type="stmt" count="29"/>
      <line num="298" type="stmt" count="29"/>
      <line num="299" type="stmt" count="29"/>
      <line num="302" type="stmt" count="0"/>
      <line num="303" type="stmt" count="0"/>
      <line num="307" type="stmt" count="0"/>
      <line num="308" type="stmt" count="0"/>
      <line num="310" type="stmt" count="0"/>
      <line num="311" type="stmt" count="0"/>
      <line num="312" type="stmt" count="0"/>
      <line num="314" type="stmt" count="0"/>
      <line num="315" type="stmt" count="0"/>
      <line num="316" type="stmt" count="0"/>
      <line num="318" type="stmt" count="0"/>
      <line num="319" type="stmt" count="0"/>
      <line num="320" type="stmt" count="0"/>
      <line num="323" type="stmt" count="29"/>
      <line num="324" type="stmt" count="29"/>
      <line num="325" type="stmt" count="29"/>
      <line num="327" type="stmt" count="29"/>
      <line num="331" type="method" name="normalizeSesionesOwner" visibility="protected" complexity="3" crap="3.55" count="27"/>
      <line num="333" type="stmt" count="27"/>
      <line num="335" type="stmt" count="27"/>
      <line num="336" type="stmt" count="27"/>
      <line num="337" type="stmt" count="0"/>
      <line num="340" type="stmt" count="27"/>
      <line num="341" type="stmt" count="27"/>
      <line num="343" type="stmt" count="27"/>
      <line num="346" type="stmt" count="27"/>
      <line num="347" type="stmt" count="27"/>
      <line num="348" type="stmt" count="27"/>
      <line num="349" type="stmt" count="27"/>
      <line num="350" type="stmt" count="27"/>
      <line num="353" type="stmt" count="27"/>
      <line num="354" type="stmt" count="27"/>
      <line num="355" type="stmt" count="27"/>
      <line num="356" type="stmt" count="27"/>
      <line num="357" type="stmt" count="27"/>
      <line num="361" type="stmt" count="0"/>
      <line num="362" type="stmt" count="0"/>
      <line num="363" type="stmt" count="0"/>
      <line num="364" type="stmt" count="0"/>
      <line num="365" type="stmt" count="0"/>
      <line num="368" type="stmt" count="0"/>
      <line num="369" type="stmt" count="0"/>
      <line num="370" type="stmt" count="0"/>
      <line num="371" type="stmt" count="0"/>
      <line num="372" type="stmt" count="0"/>
      <line num="375" type="stmt" count="27"/>
      <metrics loc="378" ncloc="353" classes="1" methods="7" coveredmethods="1" conditionals="0" coveredconditionals="0" statements="233" coveredstatements="154" elements="240" coveredelements="155"/>
    </file>
    <file name="D:\Backend-appVM\ApiProyecto\app\Services\Vm\PlanificacionService.php">
      <class name="App\Services\Vm\PlanificacionService" namespace="global">
        <metrics complexity="15" methods="2" coveredmethods="0" conditionals="0" coveredconditionals="0" statements="44" coveredstatements="0" elements="46" coveredelements="0"/>
      </class>
      <line num="19" type="method" name="assertCuadres" visibility="public" complexity="10" crap="110" count="0"/>
      <line num="21" type="stmt" count="0"/>
      <line num="23" type="stmt" count="0"/>
      <line num="24" type="stmt" count="0"/>
      <line num="26" type="stmt" count="0"/>
      <line num="27" type="stmt" count="0"/>
      <line num="29" type="stmt" count="0"/>
      <line num="30" type="stmt" count="0"/>
      <line num="31" type="stmt" count="0"/>
      <line num="33" type="stmt" count="0"/>
      <line num="34" type="stmt" count="0"/>
      <line num="36" type="stmt" count="0"/>
      <line num="37" type="stmt" count="0"/>
      <line num="38" type="stmt" count="0"/>
      <line num="39" type="stmt" count="0"/>
      <line num="42" type="stmt" count="0"/>
      <line num="43" type="stmt" count="0"/>
      <line num="44" type="stmt" count="0"/>
      <line num="45" type="stmt" count="0"/>
      <line num="46" type="stmt" count="0"/>
      <line num="47" type="stmt" count="0"/>
      <line num="48" type="stmt" count="0"/>
      <line num="52" type="stmt" count="0"/>
      <line num="53" type="stmt" count="0"/>
      <line num="54" type="stmt" count="0"/>
      <line num="55" type="stmt" count="0"/>
      <line num="56" type="stmt" count="0"/>
      <line num="57" type="stmt" count="0"/>
      <line num="60" type="stmt" count="0"/>
      <line num="61" type="stmt" count="0"/>
      <line num="62" type="stmt" count="0"/>
      <line num="63" type="stmt" count="0"/>
      <line num="64" type="stmt" count="0"/>
      <line num="72" type="method" name="recalcularYSincronizar" visibility="public" complexity="5" crap="30" count="0"/>
      <line num="74" type="stmt" count="0"/>
      <line num="76" type="stmt" count="0"/>
      <line num="77" type="stmt" count="0"/>
      <line num="78" type="stmt" count="0"/>
      <line num="80" type="stmt" count="0"/>
      <line num="81" type="stmt" count="0"/>
      <line num="82" type="stmt" count="0"/>
      <line num="83" type="stmt" count="0"/>
      <line num="87" type="stmt" count="0"/>
      <line num="88" type="stmt" count="0"/>
      <line num="89" type="stmt" count="0"/>
      <line num="90" type="stmt" count="0"/>
      <metrics loc="94" ncloc="80" classes="1" methods="2" coveredmethods="0" conditionals="0" coveredconditionals="0" statements="44" coveredstatements="0" elements="46" coveredelements="0"/>
    </file>
    <file name="D:\Backend-appVM\ApiProyecto\app\Services\Vm\SesionBatchService.php">
      <class name="App\Services\Vm\SesionBatchService" namespace="global">
        <metrics complexity="12" methods="2" coveredmethods="1" conditionals="0" coveredconditionals="0" statements="66" coveredstatements="61" elements="68" coveredelements="62"/>
      </class>
      <line num="14" type="method" name="createFor" visibility="public" complexity="7" crap="7" count="10"/>
      <line num="16" type="stmt" count="10"/>
      <line num="17" type="stmt" count="10"/>
      <line num="19" type="stmt" count="10"/>
      <line num="20" type="stmt" count="9"/>
      <line num="21" type="stmt" count="9"/>
      <line num="22" type="stmt" count="9"/>
      <line num="23" type="stmt" count="9"/>
      <line num="24" type="stmt" count="9"/>
      <line num="25" type="stmt" count="9"/>
      <line num="26" type="stmt" count="9"/>
      <line num="27" type="stmt" count="10"/>
      <line num="29" type="stmt" count="10"/>
      <line num="31" type="stmt" count="10"/>
      <line num="32" type="stmt" count="4"/>
      <line num="33" type="stmt" count="4"/>
      <line num="35" type="stmt" count="4"/>
      <line num="36" type="stmt" count="4"/>
      <line num="37" type="stmt" count="4"/>
      <line num="38" type="stmt" count="4"/>
      <line num="39" type="stmt" count="4"/>
      <line num="40" type="stmt" count="4"/>
      <line num="41" type="stmt" count="4"/>
      <line num="42" type="stmt" count="4"/>
      <line num="43" type="stmt" count="4"/>
      <line num="44" type="stmt" count="4"/>
      <line num="45" type="stmt" count="4"/>
      <line num="46" type="stmt" count="4"/>
      <line num="47" type="stmt" count="4"/>
      <line num="48" type="stmt" count="4"/>
      <line num="49" type="stmt" count="4"/>
      <line num="50" type="stmt" count="4"/>
      <line num="51" type="stmt" count="4"/>
      <line num="52" type="stmt" count="4"/>
      <line num="53" type="stmt" count="4"/>
      <line num="54" type="stmt" count="4"/>
      <line num="55" type="stmt" count="4"/>
      <line num="56" type="stmt" count="4"/>
      <line num="57" type="stmt" count="4"/>
      <line num="58" type="stmt" count="4"/>
      <line num="59" type="stmt" count="4"/>
      <line num="60" type="stmt" count="4"/>
      <line num="61" type="stmt" count="4"/>
      <line num="62" type="stmt" count="4"/>
      <line num="63" type="stmt" count="4"/>
      <line num="64" type="stmt" count="4"/>
      <line num="65" type="stmt" count="4"/>
      <line num="66" type="stmt" count="4"/>
      <line num="67" type="stmt" count="4"/>
      <line num="68" type="stmt" count="4"/>
      <line num="70" type="stmt" count="4"/>
      <line num="71" type="stmt" count="4"/>
      <line num="72" type="stmt" count="4"/>
      <line num="73" type="stmt" count="4"/>
      <line num="76" type="stmt" count="6"/>
      <line num="77" type="stmt" count="5"/>
      <line num="81" type="stmt" count="10"/>
      <line num="85" type="method" name="normTime" visibility="protected" complexity="5" crap="8.12" count="10"/>
      <line num="87" type="stmt" count="10"/>
      <line num="88" type="stmt" count="10"/>
      <line num="89" type="stmt" count="1"/>
      <line num="90" type="stmt" count="10"/>
      <line num="91" type="stmt" count="10"/>
      <line num="92" type="stmt" count="0"/>
      <line num="93" type="stmt" count="0"/>
      <line num="95" type="stmt" count="0"/>
      <line num="96" type="stmt" count="0"/>
      <line num="97" type="stmt" count="0"/>
      <metrics loc="101" ncloc="89" classes="1" methods="2" coveredmethods="1" conditionals="0" coveredconditionals="0" statements="66" coveredstatements="61" elements="68" coveredelements="62"/>
    </file>
    <file name="D:\Backend-appVM\ApiProyecto\app\Support\DateList.php">
      <class name="App\Support\DateList" namespace="global">
        <metrics complexity="24" methods="2" coveredmethods="0" conditionals="0" coveredconditionals="0" statements="65" coveredstatements="58" elements="67" coveredelements="58"/>
      </class>
      <line num="13" type="method" name="parseDateFlexible" visibility="private" complexity="11" crap="12.89" count="8"/>
      <line num="15" type="stmt" count="8"/>
      <line num="16" type="stmt" count="8"/>
      <line num="18" type="stmt" count="8"/>
      <line num="19" type="stmt" count="8"/>
      <line num="20" type="stmt" count="8"/>
      <line num="21" type="stmt" count="8"/>
      <line num="22" type="stmt" count="8"/>
      <line num="24" type="stmt" count="8"/>
      <line num="27" type="stmt" count="8"/>
      <line num="29" type="stmt" count="8"/>
      <line num="30" type="stmt" count="8"/>
      <line num="31" type="stmt" count="8"/>
      <line num="33" type="stmt" count="3"/>
      <line num="39" type="stmt" count="2"/>
      <line num="41" type="stmt" count="0"/>
      <line num="43" type="stmt" count="0"/>
      <line num="44" type="stmt" count="0"/>
      <line num="45" type="stmt" count="0"/>
      <line num="47" type="stmt" count="0"/>
      <line num="50" type="stmt" count="2"/>
      <line num="59" type="method" name="fromBatchPayload" visibility="public" complexity="13" crap="13" count="9"/>
      <line num="61" type="stmt" count="9"/>
      <line num="63" type="stmt" count="9"/>
      <line num="64" type="stmt" count="3"/>
      <line num="65" type="stmt" count="3"/>
      <line num="66" type="stmt" count="3"/>
      <line num="67" type="stmt" count="3"/>
      <line num="68" type="stmt" count="3"/>
      <line num="69" type="stmt" count="3"/>
      <line num="73" type="stmt" count="6"/>
      <line num="74" type="stmt" count="6"/>
      <line num="76" type="stmt" count="6"/>
      <line num="77" type="stmt" count="1"/>
      <line num="80" type="stmt" count="5"/>
      <line num="81" type="stmt" count="5"/>
      <line num="82" type="stmt" count="5"/>
      <line num="83" type="stmt" count="1"/>
      <line num="87" type="stmt" count="4"/>
      <line num="88" type="stmt" count="4"/>
      <line num="89" type="stmt" count="0"/>
      <line num="90" type="stmt" count="0"/>
      <line num="93" type="stmt" count="4"/>
      <line num="94" type="stmt" count="1"/>
      <line num="98" type="stmt" count="3"/>
      <line num="99" type="stmt" count="3"/>
      <line num="100" type="stmt" count="3"/>
      <line num="101" type="stmt" count="3"/>
      <line num="102" type="stmt" count="3"/>
      <line num="103" type="stmt" count="3"/>
      <line num="104" type="stmt" count="3"/>
      <line num="105" type="stmt" count="3"/>
      <line num="106" type="stmt" count="3"/>
      <line num="108" type="stmt" count="3"/>
      <line num="109" type="stmt" count="3"/>
      <line num="110" type="stmt" count="2"/>
      <line num="111" type="stmt" count="2"/>
      <line num="112" type="stmt" count="3"/>
      <line num="113" type="stmt" count="3"/>
      <line num="114" type="stmt" count="3"/>
      <line num="115" type="stmt" count="3"/>
      <line num="117" type="stmt" count="3"/>
      <line num="118" type="stmt" count="3"/>
      <line num="120" type="stmt" count="3"/>
      <line num="121" type="stmt" count="2"/>
      <line num="123" type="stmt" count="3"/>
      <line num="126" type="stmt" count="3"/>
      <metrics loc="129" ncloc="110" classes="1" methods="2" coveredmethods="0" conditionals="0" coveredconditionals="0" statements="65" coveredstatements="58" elements="67" coveredelements="58"/>
    </file>
    <metrics files="23" loc="3502" ncloc="3190" classes="22" methods="112" coveredmethods="61" conditionals="0" coveredconditionals="0" statements="1884" coveredstatements="1349" elements="1996" coveredelements="1410"/>
  </project>
</coverage>
